<?xml version="1.0" encoding="UTF-8"?>
<testsuites>
  <testsuite name="/home/omgaalfa/php-projetos/applications/query-builder/phpunit.xml" tests="143" assertions="353" errors="0" failures="0" skipped="4" time="0.188031">
    <testsuite name="Unit" tests="143" assertions="353" errors="0" failures="0" skipped="4" time="0.188031">
      <testsuite name="Tests\QueryBuilder\DatabaseSettingsCharsetTest" file="/home/omgaalfa/php-projetos/applications/query-builder/tests/QueryBuilder/DatabaseSettingsCharsetTest.php" tests="2" assertions="4" errors="0" failures="0" skipped="0" time="0.001192">
        <testcase name="testCharsetDefaultsAreSelectedByDriver" file="/home/omgaalfa/php-projetos/applications/query-builder/tests/QueryBuilder/DatabaseSettingsCharsetTest.php" line="12" class="Tests\QueryBuilder\DatabaseSettingsCharsetTest" classname="Tests.QueryBuilder.DatabaseSettingsCharsetTest" assertions="3" time="0.000818"/>
        <testcase name="testExplicitCharsetIsPreserved" file="/home/omgaalfa/php-projetos/applications/query-builder/tests/QueryBuilder/DatabaseSettingsCharsetTest.php" line="19" class="Tests\QueryBuilder\DatabaseSettingsCharsetTest" classname="Tests.QueryBuilder.DatabaseSettingsCharsetTest" assertions="1" time="0.000374"/>
      </testsuite>
      <testsuite name="Tests\QueryBuilder\EnvLoaderTest" file="/home/omgaalfa/php-projetos/applications/query-builder/tests/QueryBuilder/EnvLoaderTest.php" tests="4" assertions="11" errors="0" failures="0" skipped="0" time="0.004841">
        <testcase name="testLoadsQuotedValuesCommentsAndTypedAccessors" file="/home/omgaalfa/php-projetos/applications/query-builder/tests/QueryBuilder/EnvLoaderTest.php" line="32" class="Tests\QueryBuilder\EnvLoaderTest" classname="Tests.QueryBuilder.EnvLoaderTest" assertions="6" time="0.001658"/>
        <testcase name="testDoesNotOverwriteProcessEnvironmentUnlessExplicitlyRequested" file="/home/omgaalfa/php-projetos/applications/query-builder/tests/QueryBuilder/EnvLoaderTest.php" line="55" class="Tests\QueryBuilder\EnvLoaderTest" classname="Tests.QueryBuilder.EnvLoaderTest" assertions="2" time="0.001247"/>
        <testcase name="testRejectsInvalidVariableNamesAndMalformedQuotedValues" file="/home/omgaalfa/php-projetos/applications/query-builder/tests/QueryBuilder/EnvLoaderTest.php" line="69" class="Tests\QueryBuilder\EnvLoaderTest" classname="Tests.QueryBuilder.EnvLoaderTest" assertions="1" time="0.000773"/>
        <testcase name="testStrictPermissionsRejectBroadlyReadableFile" file="/home/omgaalfa/php-projetos/applications/query-builder/tests/QueryBuilder/EnvLoaderTest.php" line="75" class="Tests\QueryBuilder\EnvLoaderTest" classname="Tests.QueryBuilder.EnvLoaderTest" assertions="2" time="0.001163"/>
      </testsuite>
      <testsuite name="Tests\QueryBuilder\FileQueryLoggerTest" file="/home/omgaalfa/php-projetos/applications/query-builder/tests/QueryBuilder/FileQueryLoggerTest.php" tests="7" assertions="31" errors="0" failures="0" skipped="0" time="0.008558">
        <testcase name="testWritesStructuredQueryWithoutParametersByDefault" file="/home/omgaalfa/php-projetos/applications/query-builder/tests/QueryBuilder/FileQueryLoggerTest.php" line="35" class="Tests\QueryBuilder\FileQueryLoggerTest" classname="Tests.QueryBuilder.FileQueryLoggerTest" assertions="8" time="0.001765"/>
        <testcase name="testRedactsSensitiveParametersRecursively" file="/home/omgaalfa/php-projetos/applications/query-builder/tests/QueryBuilder/FileQueryLoggerTest.php" line="50" class="Tests\QueryBuilder\FileQueryLoggerTest" classname="Tests.QueryBuilder.FileQueryLoggerTest" assertions="6" time="0.001035"/>
        <testcase name="testInvalidUtf8DoesNotBreakLogging" file="/home/omgaalfa/php-projetos/applications/query-builder/tests/QueryBuilder/FileQueryLoggerTest.php" line="66" class="Tests\QueryBuilder\FileQueryLoggerTest" classname="Tests.QueryBuilder.FileQueryLoggerTest" assertions="4" time="0.001001"/>
        <testcase name="testErrorTraceIsDisabledByDefault" file="/home/omgaalfa/php-projetos/applications/query-builder/tests/QueryBuilder/FileQueryLoggerTest.php" line="75" class="Tests\QueryBuilder\FileQueryLoggerTest" classname="Tests.QueryBuilder.FileQueryLoggerTest" assertions="5" time="0.000942"/>
        <testcase name="testRotatesLogAtConfiguredSize" file="/home/omgaalfa/php-projetos/applications/query-builder/tests/QueryBuilder/FileQueryLoggerTest.php" line="87" class="Tests\QueryBuilder\FileQueryLoggerTest" classname="Tests.QueryBuilder.FileQueryLoggerTest" assertions="3" time="0.001007"/>
        <testcase name="testDisabledLoggerDoesNotTouchFilesystem" file="/home/omgaalfa/php-projetos/applications/query-builder/tests/QueryBuilder/FileQueryLoggerTest.php" line="97" class="Tests\QueryBuilder\FileQueryLoggerTest" classname="Tests.QueryBuilder.FileQueryLoggerTest" assertions="2" time="0.000740"/>
        <testcase name="testStrictFailureModeReportsWriteFailure" file="/home/omgaalfa/php-projetos/applications/query-builder/tests/QueryBuilder/FileQueryLoggerTest.php" line="105" class="Tests\QueryBuilder\FileQueryLoggerTest" classname="Tests.QueryBuilder.FileQueryLoggerTest" assertions="3" time="0.002068"/>
      </testsuite>
      <testsuite name="Tests\QueryBuilder\PgVectorCacheKeyTest" file="/home/omgaalfa/php-projetos/applications/query-builder/tests/QueryBuilder/PgVectorCacheKeyTest.php" tests="4" assertions="11" errors="0" failures="0" skipped="0" time="0.012449">
        <testcase name="testVectorCacheKeysAreStableDistinctAndCompact" file="/home/omgaalfa/php-projetos/applications/query-builder/tests/QueryBuilder/PgVectorCacheKeyTest.php" line="14" class="Tests\QueryBuilder\PgVectorCacheKeyTest" classname="Tests.QueryBuilder.PgVectorCacheKeyTest" assertions="3" time="0.008790"/>
        <testcase name="testLocaleDoesNotChangeVectorCacheKey" file="/home/omgaalfa/php-projetos/applications/query-builder/tests/QueryBuilder/PgVectorCacheKeyTest.php" line="15" class="Tests\QueryBuilder\PgVectorCacheKeyTest" classname="Tests.QueryBuilder.PgVectorCacheKeyTest" assertions="1" time="0.000977"/>
        <testcase name="testMetricDimensionsLimitOffsetAndFiltersParticipate" file="/home/omgaalfa/php-projetos/applications/query-builder/tests/QueryBuilder/PgVectorCacheKeyTest.php" line="16" class="Tests\QueryBuilder\PgVectorCacheKeyTest" classname="Tests.QueryBuilder.PgVectorCacheKeyTest" assertions="5" time="0.001919"/>
        <testcase name="testLimitAndPaginationUseDifferentCacheKeys" file="/home/omgaalfa/php-projetos/applications/query-builder/tests/QueryBuilder/PgVectorCacheKeyTest.php" line="17" class="Tests\QueryBuilder\PgVectorCacheKeyTest" classname="Tests.QueryBuilder.PgVectorCacheKeyTest" assertions="2" time="0.000762"/>
      </testsuite>
      <testsuite name="Tests\QueryBuilder\PgVectorIntegrationTest" file="/home/omgaalfa/php-projetos/applications/query-builder/tests/QueryBuilder/PgVectorIntegrationTest.php" tests="2" assertions="31" errors="0" failures="0" skipped="0" time="0.076002">
        <testcase name="testNativePreparedStatementsAndVectorOperations" file="/home/omgaalfa/php-projetos/applications/query-builder/tests/QueryBuilder/PgVectorIntegrationTest.php" line="51" class="Tests\QueryBuilder\PgVectorIntegrationTest" classname="Tests.QueryBuilder.PgVectorIntegrationTest" assertions="28" time="0.046699"/>
        <testcase name="testTypedBatchUpsertWithVectors" file="/home/omgaalfa/php-projetos/applications/query-builder/tests/QueryBuilder/PgVectorIntegrationTest.php" line="105" class="Tests\QueryBuilder\PgVectorIntegrationTest" classname="Tests.QueryBuilder.PgVectorIntegrationTest" assertions="3" time="0.029302"/>
      </testsuite>
      <testsuite name="Tests\QueryBuilder\PgVectorMetricTest" file="/home/omgaalfa/php-projetos/applications/query-builder/tests/QueryBuilder/PgVectorMetricTest.php" tests="1" assertions="1" errors="0" failures="0" skipped="0" time="0.000387">
        <testcase name="testInnerProductMetricReturnsNegativeInnerProduct" file="/home/omgaalfa/php-projetos/applications/query-builder/tests/QueryBuilder/PgVectorMetricTest.php" line="8" class="Tests\QueryBuilder\PgVectorMetricTest" classname="Tests.QueryBuilder.PgVectorMetricTest" assertions="1" time="0.000387"/>
      </testsuite>
      <testsuite name="Tests\QueryBuilder\PgVectorTest" file="/home/omgaalfa/php-projetos/applications/query-builder/tests/QueryBuilder/PgVectorTest.php" tests="16" assertions="32" errors="0" failures="0" skipped="0" time="0.006731">
        <testcase name="testVectorValidationAndCanonicalSerialization" file="/home/omgaalfa/php-projetos/applications/query-builder/tests/QueryBuilder/PgVectorTest.php" line="21" class="Tests\QueryBuilder\PgVectorTest" classname="Tests.QueryBuilder.PgVectorTest" assertions="3" time="0.000368"/>
        <testsuite name="Tests\QueryBuilder\PgVectorTest::testInvalidVectorsAreRejected" tests="8" assertions="8" errors="0" failures="0" skipped="0" time="0.003495">
          <testcase name="testInvalidVectorsAreRejected with data set &quot;empty&quot;" file="/home/omgaalfa/php-projetos/applications/query-builder/tests/QueryBuilder/PgVectorTest.php" line="30" class="Tests\QueryBuilder\PgVectorTest" classname="Tests.QueryBuilder.PgVectorTest" assertions="1" time="0.000376"/>
          <testcase name="testInvalidVectorsAreRejected with data set &quot;non-list&quot;" file="/home/omgaalfa/php-projetos/applications/query-builder/tests/QueryBuilder/PgVectorTest.php" line="30" class="Tests\QueryBuilder\PgVectorTest" classname="Tests.QueryBuilder.PgVectorTest" assertions="1" time="0.000354"/>
          <testcase name="testInvalidVectorsAreRejected with data set &quot;string&quot;" file="/home/omgaalfa/php-projetos/applications/query-builder/tests/QueryBuilder/PgVectorTest.php" line="30" class="Tests\QueryBuilder\PgVectorTest" classname="Tests.QueryBuilder.PgVectorTest" assertions="1" time="0.000468"/>
          <testcase name="testInvalidVectorsAreRejected with data set &quot;nan&quot;" file="/home/omgaalfa/php-projetos/applications/query-builder/tests/QueryBuilder/PgVectorTest.php" line="30" class="Tests\QueryBuilder\PgVectorTest" classname="Tests.QueryBuilder.PgVectorTest" assertions="1" time="0.000502"/>
          <testcase name="testInvalidVectorsAreRejected with data set &quot;positive infinity&quot;" file="/home/omgaalfa/php-projetos/applications/query-builder/tests/QueryBuilder/PgVectorTest.php" line="30" class="Tests\QueryBuilder\PgVectorTest" classname="Tests.QueryBuilder.PgVectorTest" assertions="1" time="0.000660"/>
          <testcase name="testInvalidVectorsAreRejected with data set &quot;negative infinity&quot;" file="/home/omgaalfa/php-projetos/applications/query-builder/tests/QueryBuilder/PgVectorTest.php" line="30" class="Tests\QueryBuilder\PgVectorTest" classname="Tests.QueryBuilder.PgVectorTest" assertions="1" time="0.000391"/>
          <testcase name="testInvalidVectorsAreRejected with data set &quot;wrong dimensions&quot;" file="/home/omgaalfa/php-projetos/applications/query-builder/tests/QueryBuilder/PgVectorTest.php" line="30" class="Tests\QueryBuilder\PgVectorTest" classname="Tests.QueryBuilder.PgVectorTest" assertions="1" time="0.000375"/>
          <testcase name="testInvalidVectorsAreRejected with data set &quot;invalid dimensions&quot;" file="/home/omgaalfa/php-projetos/applications/query-builder/tests/QueryBuilder/PgVectorTest.php" line="30" class="Tests\QueryBuilder\PgVectorTest" classname="Tests.QueryBuilder.PgVectorTest" assertions="1" time="0.000369"/>
        </testsuite>
        <testcase name="testEveryPhysicalExpressionOccurrenceGetsAUniquePlaceholder" file="/home/omgaalfa/php-projetos/applications/query-builder/tests/QueryBuilder/PgVectorTest.php" line="48" class="Tests\QueryBuilder\PgVectorTest" classname="Tests.QueryBuilder.PgVectorTest" assertions="2" time="0.000376"/>
        <testsuite name="Tests\QueryBuilder\PgVectorTest::testNearestNeighborsUsesIndexableAscendingDistance" tests="4" assertions="16" errors="0" failures="0" skipped="0" time="0.001642">
          <testcase name="testNearestNeighborsUsesIndexableAscendingDistance with data set &quot;L2&quot;" file="/home/omgaalfa/php-projetos/applications/query-builder/tests/QueryBuilder/PgVectorTest.php" line="68" class="Tests\QueryBuilder\PgVectorTest" classname="Tests.QueryBuilder.PgVectorTest" assertions="4" time="0.000405"/>
          <testcase name="testNearestNeighborsUsesIndexableAscendingDistance with data set &quot;INNER_PRODUCT&quot;" file="/home/omgaalfa/php-projetos/applications/query-builder/tests/QueryBuilder/PgVectorTest.php" line="68" class="Tests\QueryBuilder\PgVectorTest" classname="Tests.QueryBuilder.PgVectorTest" assertions="4" time="0.000437"/>
          <testcase name="testNearestNeighborsUsesIndexableAscendingDistance with data set &quot;COSINE&quot;" file="/home/omgaalfa/php-projetos/applications/query-builder/tests/QueryBuilder/PgVectorTest.php" line="68" class="Tests\QueryBuilder\PgVectorTest" classname="Tests.QueryBuilder.PgVectorTest" assertions="4" time="0.000390"/>
          <testcase name="testNearestNeighborsUsesIndexableAscendingDistance with data set &quot;L1&quot;" file="/home/omgaalfa/php-projetos/applications/query-builder/tests/QueryBuilder/PgVectorTest.php" line="68" class="Tests\QueryBuilder\PgVectorTest" classname="Tests.QueryBuilder.PgVectorTest" assertions="4" time="0.000411"/>
        </testsuite>
        <testcase name="testVectorInsertAndUpdateUseBoundCast" file="/home/omgaalfa/php-projetos/applications/query-builder/tests/QueryBuilder/PgVectorTest.php" line="90" class="Tests\QueryBuilder\PgVectorTest" classname="Tests.QueryBuilder.PgVectorTest" assertions="2" time="0.000345"/>
        <testcase name="testPgVectorFailsEarlyOnOtherDrivers" file="/home/omgaalfa/php-projetos/applications/query-builder/tests/QueryBuilder/PgVectorTest.php" line="103" class="Tests\QueryBuilder\PgVectorTest" classname="Tests.QueryBuilder.PgVectorTest" assertions="1" time="0.000505"/>
      </testsuite>
      <testsuite name="Tests\QueryBuilder\PostgreSqlUpsertTest" file="/home/omgaalfa/php-projetos/applications/query-builder/tests/QueryBuilder/PostgreSqlUpsertTest.php" tests="5" assertions="5" errors="0" failures="0" skipped="0" time="0.001676">
        <testcase name="testBuildsTypedBatchUpsertWithVectorCasts" file="/home/omgaalfa/php-projetos/applications/query-builder/tests/QueryBuilder/PostgreSqlUpsertTest.php" line="15" class="Tests\QueryBuilder\PostgreSqlUpsertTest" classname="Tests.QueryBuilder.PostgreSqlUpsertTest" assertions="1" time="0.000377"/>
        <testcase name="testBuildsDoNothing" file="/home/omgaalfa/php-projetos/applications/query-builder/tests/QueryBuilder/PostgreSqlUpsertTest.php" line="36" class="Tests\QueryBuilder\PostgreSqlUpsertTest" classname="Tests.QueryBuilder.PostgreSqlUpsertTest" assertions="1" time="0.000325"/>
        <testcase name="testRejectsColumnOutsideInsertedRows" file="/home/omgaalfa/php-projetos/applications/query-builder/tests/QueryBuilder/PostgreSqlUpsertTest.php" line="47" class="Tests\QueryBuilder\PostgreSqlUpsertTest" classname="Tests.QueryBuilder.PostgreSqlUpsertTest" assertions="1" time="0.000323"/>
        <testcase name="testRejectsConflictActionBeforeTarget" file="/home/omgaalfa/php-projetos/applications/query-builder/tests/QueryBuilder/PostgreSqlUpsertTest.php" line="55" class="Tests\QueryBuilder\PostgreSqlUpsertTest" classname="Tests.QueryBuilder.PostgreSqlUpsertTest" assertions="1" time="0.000319"/>
        <testcase name="testRejectsOnConflictOutsidePostgreSql" file="/home/omgaalfa/php-projetos/applications/query-builder/tests/QueryBuilder/PostgreSqlUpsertTest.php" line="63" class="Tests\QueryBuilder\PostgreSqlUpsertTest" classname="Tests.QueryBuilder.PostgreSqlUpsertTest" assertions="1" time="0.000332"/>
      </testsuite>
      <testsuite name="Tests\QueryBuilder\QueryBuilderBindingTest" file="/home/omgaalfa/php-projetos/applications/query-builder/tests/QueryBuilder/QueryBuilderBindingTest.php" tests="6" assertions="25" errors="0" failures="0" skipped="0" time="0.010214">
        <testcase name="testBindNullUsesParamNull" file="/home/omgaalfa/php-projetos/applications/query-builder/tests/QueryBuilder/QueryBuilderBindingTest.php" line="30" class="Tests\QueryBuilder\QueryBuilderBindingTest" classname="Tests.QueryBuilder.QueryBuilderBindingTest" assertions="5" time="0.005263"/>
        <testcase name="testBindIntUsesParamInt" file="/home/omgaalfa/php-projetos/applications/query-builder/tests/QueryBuilder/QueryBuilderBindingTest.php" line="50" class="Tests\QueryBuilder\QueryBuilderBindingTest" classname="Tests.QueryBuilder.QueryBuilderBindingTest" assertions="5" time="0.001111"/>
        <testcase name="testBindBoolCastsToIntParam" file="/home/omgaalfa/php-projetos/applications/query-builder/tests/QueryBuilder/QueryBuilderBindingTest.php" line="71" class="Tests\QueryBuilder\QueryBuilderBindingTest" classname="Tests.QueryBuilder.QueryBuilderBindingTest" assertions="5" time="0.000965"/>
        <testcase name="testBindDateTimeFormatsString" file="/home/omgaalfa/php-projetos/applications/query-builder/tests/QueryBuilder/QueryBuilderBindingTest.php" line="89" class="Tests\QueryBuilder\QueryBuilderBindingTest" classname="Tests.QueryBuilder.QueryBuilderBindingTest" assertions="4" time="0.001017"/>
        <testcase name="testBindResourceUsesBindParamLob" file="/home/omgaalfa/php-projetos/applications/query-builder/tests/QueryBuilder/QueryBuilderBindingTest.php" line="109" class="Tests\QueryBuilder\QueryBuilderBindingTest" classname="Tests.QueryBuilder.QueryBuilderBindingTest" assertions="5" time="0.000989"/>
        <testcase name="testArrayBindingThrowsDatabaseException" file="/home/omgaalfa/php-projetos/applications/query-builder/tests/QueryBuilder/QueryBuilderBindingTest.php" line="131" class="Tests\QueryBuilder\QueryBuilderBindingTest" classname="Tests.QueryBuilder.QueryBuilderBindingTest" assertions="1" time="0.000869"/>
      </testsuite>
      <testsuite name="Tests\QueryBuilder\QueryBuilderCacheTest" file="/home/omgaalfa/php-projetos/applications/query-builder/tests/QueryBuilder/QueryBuilderCacheTest.php" tests="4" assertions="22" errors="0" failures="0" skipped="0" time="0.004106">
        <testcase name="testExecuteSupportsLazyStreamingAndCache" file="/home/omgaalfa/php-projetos/applications/query-builder/tests/QueryBuilder/QueryBuilderCacheTest.php" line="21" class="Tests\QueryBuilder\QueryBuilderCacheTest" classname="Tests.QueryBuilder.QueryBuilderCacheTest" assertions="7" time="0.000929"/>
        <testcase name="testGetFromCacheReturnsDtoWhenCachePayloadIsValid" file="/home/omgaalfa/php-projetos/applications/query-builder/tests/QueryBuilder/QueryBuilderCacheTest.php" line="113" class="Tests\QueryBuilder\QueryBuilderCacheTest" classname="Tests.QueryBuilder.QueryBuilderCacheTest" assertions="7" time="0.001397"/>
        <testcase name="testGetFromCacheReturnsNullWhenPayloadIsInvalid" file="/home/omgaalfa/php-projetos/applications/query-builder/tests/QueryBuilder/QueryBuilderCacheTest.php" line="154" class="Tests\QueryBuilder\QueryBuilderCacheTest" classname="Tests.QueryBuilder.QueryBuilderCacheTest" assertions="4" time="0.000729"/>
        <testcase name="testSaveToCacheStoresIterableResult" file="/home/omgaalfa/php-projetos/applications/query-builder/tests/QueryBuilder/QueryBuilderCacheTest.php" line="184" class="Tests\QueryBuilder\QueryBuilderCacheTest" classname="Tests.QueryBuilder.QueryBuilderCacheTest" assertions="4" time="0.001051"/>
      </testsuite>
      <testsuite name="Tests\QueryBuilder\QueryBuilderExecutionTest" file="/home/omgaalfa/php-projetos/applications/query-builder/tests/QueryBuilder/QueryBuilderExecutionTest.php" tests="8" assertions="8" errors="0" failures="0" skipped="0" time="0.007313">
        <testcase name="testSumReturnsFloat" file="/home/omgaalfa/php-projetos/applications/query-builder/tests/QueryBuilder/QueryBuilderExecutionTest.php" line="19" class="Tests\QueryBuilder\QueryBuilderExecutionTest" classname="Tests.QueryBuilder.QueryBuilderExecutionTest" assertions="1" time="0.001014"/>
        <testcase name="testAvgReturnsAverage" file="/home/omgaalfa/php-projetos/applications/query-builder/tests/QueryBuilder/QueryBuilderExecutionTest.php" line="28" class="Tests\QueryBuilder\QueryBuilderExecutionTest" classname="Tests.QueryBuilder.QueryBuilderExecutionTest" assertions="1" time="0.000849"/>
        <testcase name="testMaxReturnsMaximum" file="/home/omgaalfa/php-projetos/applications/query-builder/tests/QueryBuilder/QueryBuilderExecutionTest.php" line="37" class="Tests\QueryBuilder\QueryBuilderExecutionTest" classname="Tests.QueryBuilder.QueryBuilderExecutionTest" assertions="1" time="0.000831"/>
        <testcase name="testMinReturnsMinimum" file="/home/omgaalfa/php-projetos/applications/query-builder/tests/QueryBuilder/QueryBuilderExecutionTest.php" line="46" class="Tests\QueryBuilder\QueryBuilderExecutionTest" classname="Tests.QueryBuilder.QueryBuilderExecutionTest" assertions="1" time="0.000881"/>
        <testcase name="testCountReturnsInt" file="/home/omgaalfa/php-projetos/applications/query-builder/tests/QueryBuilder/QueryBuilderExecutionTest.php" line="55" class="Tests\QueryBuilder\QueryBuilderExecutionTest" classname="Tests.QueryBuilder.QueryBuilderExecutionTest" assertions="1" time="0.000820"/>
        <testcase name="testExistsReliesOnCount" file="/home/omgaalfa/php-projetos/applications/query-builder/tests/QueryBuilder/QueryBuilderExecutionTest.php" line="64" class="Tests\QueryBuilder\QueryBuilderExecutionTest" classname="Tests.QueryBuilder.QueryBuilderExecutionTest" assertions="1" time="0.000821"/>
        <testcase name="testLimitDoesNotCreatePagination" file="/home/omgaalfa/php-projetos/applications/query-builder/tests/QueryBuilder/QueryBuilderExecutionTest.php" line="73" class="Tests\QueryBuilder\QueryBuilderExecutionTest" classname="Tests.QueryBuilder.QueryBuilderExecutionTest" assertions="1" time="0.000686"/>
        <testcase name="testCreatesDefaultPaginatorWhenPaginateIsUsed" file="/home/omgaalfa/php-projetos/applications/query-builder/tests/QueryBuilder/QueryBuilderExecutionTest.php" line="83" class="Tests\QueryBuilder\QueryBuilderExecutionTest" classname="Tests.QueryBuilder.QueryBuilderExecutionTest" assertions="1" time="0.001412"/>
      </testsuite>
      <testsuite name="Tests\QueryBuilder\QueryBuilderFullTest" file="/home/omgaalfa/php-projetos/applications/query-builder/tests/QueryBuilder/QueryBuilderFullTest.php" tests="26" assertions="52" errors="0" failures="0" skipped="0" time="0.019334">
        <testcase name="testSelectInsertUpdateDeleteSQL" file="/home/omgaalfa/php-projetos/applications/query-builder/tests/QueryBuilder/QueryBuilderFullTest.php" line="33" class="Tests\QueryBuilder\QueryBuilderFullTest" classname="Tests.QueryBuilder.QueryBuilderFullTest" assertions="4" time="0.000683"/>
        <testcase name="testInsertBatch" file="/home/omgaalfa/php-projetos/applications/query-builder/tests/QueryBuilder/QueryBuilderFullTest.php" line="41" class="Tests\QueryBuilder\QueryBuilderFullTest" classname="Tests.QueryBuilder.QueryBuilderFullTest" assertions="1" time="0.000735"/>
        <testcase name="testAllWhereClauses" file="/home/omgaalfa/php-projetos/applications/query-builder/tests/QueryBuilder/QueryBuilderFullTest.php" line="51" class="Tests\QueryBuilder\QueryBuilderFullTest" classname="Tests.QueryBuilder.QueryBuilderFullTest" assertions="6" time="0.001850"/>
        <testcase name="testHavingClauses" file="/home/omgaalfa/php-projetos/applications/query-builder/tests/QueryBuilder/QueryBuilderFullTest.php" line="61" class="Tests\QueryBuilder\QueryBuilderFullTest" classname="Tests.QueryBuilder.QueryBuilderFullTest" assertions="2" time="0.001076"/>
        <testcase name="testJoinTypes" file="/home/omgaalfa/php-projetos/applications/query-builder/tests/QueryBuilder/QueryBuilderFullTest.php" line="76" class="Tests\QueryBuilder\QueryBuilderFullTest" classname="Tests.QueryBuilder.QueryBuilderFullTest" assertions="1" time="0.000795"/>
        <testcase name="testFullJoinThrows" file="/home/omgaalfa/php-projetos/applications/query-builder/tests/QueryBuilder/QueryBuilderFullTest.php" line="86" class="Tests\QueryBuilder\QueryBuilderFullTest" classname="Tests.QueryBuilder.QueryBuilderFullTest" assertions="2" time="0.000663"/>
        <testcase name="testAliasAndRaw" file="/home/omgaalfa/php-projetos/applications/query-builder/tests/QueryBuilder/QueryBuilderFullTest.php" line="100" class="Tests\QueryBuilder\QueryBuilderFullTest" classname="Tests.QueryBuilder.QueryBuilderFullTest" assertions="2" time="0.000610"/>
        <testcase name="testQuoteIdentifier" file="/home/omgaalfa/php-projetos/applications/query-builder/tests/QueryBuilder/QueryBuilderFullTest.php" line="110" class="Tests\QueryBuilder\QueryBuilderFullTest" classname="Tests.QueryBuilder.QueryBuilderFullTest" assertions="2" time="0.000662"/>
        <testcase name="testResetStateDoesNotThrow" file="/home/omgaalfa/php-projetos/applications/query-builder/tests/QueryBuilder/QueryBuilderFullTest.php" line="120" class="Tests\QueryBuilder\QueryBuilderFullTest" classname="Tests.QueryBuilder.QueryBuilderFullTest" assertions="1" time="0.000652"/>
        <testcase name="testInsertBatchGeneratesCorrectSql" file="/home/omgaalfa/php-projetos/applications/query-builder/tests/QueryBuilder/QueryBuilderFullTest.php" line="126" class="Tests\QueryBuilder\QueryBuilderFullTest" classname="Tests.QueryBuilder.QueryBuilderFullTest" assertions="3" time="0.000640"/>
        <testcase name="testInsertBatchThrowsOnMismatchedColumns" file="/home/omgaalfa/php-projetos/applications/query-builder/tests/QueryBuilder/QueryBuilderFullTest.php" line="140" class="Tests\QueryBuilder\QueryBuilderFullTest" classname="Tests.QueryBuilder.QueryBuilderFullTest" assertions="1" time="0.000630"/>
        <testcase name="testWhereNotInGeneratesCorrectSql" file="/home/omgaalfa/php-projetos/applications/query-builder/tests/QueryBuilder/QueryBuilderFullTest.php" line="152" class="Tests\QueryBuilder\QueryBuilderFullTest" classname="Tests.QueryBuilder.QueryBuilderFullTest" assertions="2" time="0.000619"/>
        <testcase name="testWhereNotBetweenGeneratesCorrectSql" file="/home/omgaalfa/php-projetos/applications/query-builder/tests/QueryBuilder/QueryBuilderFullTest.php" line="160" class="Tests\QueryBuilder\QueryBuilderFullTest" classname="Tests.QueryBuilder.QueryBuilderFullTest" assertions="3" time="0.000621"/>
        <testcase name="testWhereNullGeneratesCorrectSql" file="/home/omgaalfa/php-projetos/applications/query-builder/tests/QueryBuilder/QueryBuilderFullTest.php" line="169" class="Tests\QueryBuilder\QueryBuilderFullTest" classname="Tests.QueryBuilder.QueryBuilderFullTest" assertions="1" time="0.000603"/>
        <testcase name="testWhereNotNullGeneratesCorrectSql" file="/home/omgaalfa/php-projetos/applications/query-builder/tests/QueryBuilder/QueryBuilderFullTest.php" line="176" class="Tests\QueryBuilder\QueryBuilderFullTest" classname="Tests.QueryBuilder.QueryBuilderFullTest" assertions="1" time="0.000614"/>
        <testcase name="testInsertBatchSuccess" file="/home/omgaalfa/php-projetos/applications/query-builder/tests/QueryBuilder/QueryBuilderFullTest.php" line="183" class="Tests\QueryBuilder\QueryBuilderFullTest" classname="Tests.QueryBuilder.QueryBuilderFullTest" assertions="3" time="0.000670"/>
        <testcase name="testInsertBatchFailsOnInconsistentColumns" file="/home/omgaalfa/php-projetos/applications/query-builder/tests/QueryBuilder/QueryBuilderFullTest.php" line="196" class="Tests\QueryBuilder\QueryBuilderFullTest" classname="Tests.QueryBuilder.QueryBuilderFullTest" assertions="1" time="0.000604"/>
        <testcase name="testWhereNotIn" file="/home/omgaalfa/php-projetos/applications/query-builder/tests/QueryBuilder/QueryBuilderFullTest.php" line="206" class="Tests\QueryBuilder\QueryBuilderFullTest" classname="Tests.QueryBuilder.QueryBuilderFullTest" assertions="1" time="0.001347"/>
        <testcase name="testWhereNotBetween" file="/home/omgaalfa/php-projetos/applications/query-builder/tests/QueryBuilder/QueryBuilderFullTest.php" line="214" class="Tests\QueryBuilder\QueryBuilderFullTest" classname="Tests.QueryBuilder.QueryBuilderFullTest" assertions="1" time="0.000747"/>
        <testcase name="testWhereNull" file="/home/omgaalfa/php-projetos/applications/query-builder/tests/QueryBuilder/QueryBuilderFullTest.php" line="222" class="Tests\QueryBuilder\QueryBuilderFullTest" classname="Tests.QueryBuilder.QueryBuilderFullTest" assertions="1" time="0.000666"/>
        <testcase name="testWhereNotNull" file="/home/omgaalfa/php-projetos/applications/query-builder/tests/QueryBuilder/QueryBuilderFullTest.php" line="230" class="Tests\QueryBuilder\QueryBuilderFullTest" classname="Tests.QueryBuilder.QueryBuilderFullTest" assertions="1" time="0.000625"/>
        <testcase name="testHavingClause" file="/home/omgaalfa/php-projetos/applications/query-builder/tests/QueryBuilder/QueryBuilderFullTest.php" line="238" class="Tests\QueryBuilder\QueryBuilderFullTest" classname="Tests.QueryBuilder.QueryBuilderFullTest" assertions="1" time="0.000653"/>
        <testcase name="testHavingClauseWithoutGroupByThrows" file="/home/omgaalfa/php-projetos/applications/query-builder/tests/QueryBuilder/QueryBuilderFullTest.php" line="249" class="Tests\QueryBuilder\QueryBuilderFullTest" classname="Tests.QueryBuilder.QueryBuilderFullTest" assertions="1" time="0.000614"/>
        <testcase name="testHavingRawClause" file="/home/omgaalfa/php-projetos/applications/query-builder/tests/QueryBuilder/QueryBuilderFullTest.php" line="259" class="Tests\QueryBuilder\QueryBuilderFullTest" classname="Tests.QueryBuilder.QueryBuilderFullTest" assertions="1" time="0.000607"/>
        <testcase name="testAliasSetsCorrectlyInFrom" file="/home/omgaalfa/php-projetos/applications/query-builder/tests/QueryBuilder/QueryBuilderFullTest.php" line="270" class="Tests\QueryBuilder\QueryBuilderFullTest" classname="Tests.QueryBuilder.QueryBuilderFullTest" assertions="1" time="0.000646"/>
        <testcase name="testFullQueryWithAllClauses" file="/home/omgaalfa/php-projetos/applications/query-builder/tests/QueryBuilder/QueryBuilderFullTest.php" line="280" class="Tests\QueryBuilder\QueryBuilderFullTest" classname="Tests.QueryBuilder.QueryBuilderFullTest" assertions="8" time="0.000701"/>
      </testsuite>
      <testsuite name="Tests\QueryBuilder\QueryBuilderIntegrationTest" file="/home/omgaalfa/php-projetos/applications/query-builder/tests/QueryBuilder/QueryBuilderIntegrationTest.php" tests="4" assertions="0" errors="0" failures="0" skipped="4" time="0.000000">
        <testcase name="testInsertSelectCountSumAvg" file="/home/omgaalfa/php-projetos/applications/query-builder/tests/QueryBuilder/QueryBuilderIntegrationTest.php" line="77" class="Tests\QueryBuilder\QueryBuilderIntegrationTest" classname="Tests.QueryBuilder.QueryBuilderIntegrationTest" assertions="0" time="0.000000">
          <skipped/>
        </testcase>
        <testcase name="testUpdateAndDelete" file="/home/omgaalfa/php-projetos/applications/query-builder/tests/QueryBuilder/QueryBuilderIntegrationTest.php" line="97" class="Tests\QueryBuilder\QueryBuilderIntegrationTest" classname="Tests.QueryBuilder.QueryBuilderIntegrationTest" assertions="0" time="0.000000">
          <skipped/>
        </testcase>
        <testcase name="testTransactionRollback" file="/home/omgaalfa/php-projetos/applications/query-builder/tests/QueryBuilder/QueryBuilderIntegrationTest.php" line="112" class="Tests\QueryBuilder\QueryBuilderIntegrationTest" classname="Tests.QueryBuilder.QueryBuilderIntegrationTest" assertions="0" time="0.000000">
          <skipped/>
        </testcase>
        <testcase name="testPaginationLimitAndGetTotalCount" file="/home/omgaalfa/php-projetos/applications/query-builder/tests/QueryBuilder/QueryBuilderIntegrationTest.php" line="129" class="Tests\QueryBuilder\QueryBuilderIntegrationTest" classname="Tests.QueryBuilder.QueryBuilderIntegrationTest" assertions="0" time="0.000000">
          <skipped/>
        </testcase>
      </testsuite>
      <testsuite name="Tests\QueryBuilder\QueryBuilderOperationsTest" file="/home/omgaalfa/php-projetos/applications/query-builder/tests/QueryBuilder/QueryBuilderOperationsTest.php" tests="21" assertions="29" errors="0" failures="0" skipped="0" time="0.008424">
        <testcase name="testSelectWithAlias" file="/home/omgaalfa/php-projetos/applications/query-builder/tests/QueryBuilder/QueryBuilderOperationsTest.php" line="22" class="Tests\QueryBuilder\QueryBuilderOperationsTest" classname="Tests.QueryBuilder.QueryBuilderOperationsTest" assertions="1" time="0.000402"/>
        <testcase name="testSelectWithFields" file="/home/omgaalfa/php-projetos/applications/query-builder/tests/QueryBuilder/QueryBuilderOperationsTest.php" line="32" class="Tests\QueryBuilder\QueryBuilderOperationsTest" classname="Tests.QueryBuilder.QueryBuilderOperationsTest" assertions="1" time="0.000363"/>
        <testcase name="testInsertGeneratesExpectedSQL" file="/home/omgaalfa/php-projetos/applications/query-builder/tests/QueryBuilder/QueryBuilderOperationsTest.php" line="38" class="Tests\QueryBuilder\QueryBuilderOperationsTest" classname="Tests.QueryBuilder.QueryBuilderOperationsTest" assertions="3" time="0.000361"/>
        <testcase name="testUpdateGeneratesExpectedSQL" file="/home/omgaalfa/php-projetos/applications/query-builder/tests/QueryBuilder/QueryBuilderOperationsTest.php" line="50" class="Tests\QueryBuilder\QueryBuilderOperationsTest" classname="Tests.QueryBuilder.QueryBuilderOperationsTest" assertions="1" time="0.000346"/>
        <testcase name="testDeleteGeneratesExpectedSQL" file="/home/omgaalfa/php-projetos/applications/query-builder/tests/QueryBuilder/QueryBuilderOperationsTest.php" line="56" class="Tests\QueryBuilder\QueryBuilderOperationsTest" classname="Tests.QueryBuilder.QueryBuilderOperationsTest" assertions="1" time="0.000339"/>
        <testcase name="testWhereEquals" file="/home/omgaalfa/php-projetos/applications/query-builder/tests/QueryBuilder/QueryBuilderOperationsTest.php" line="62" class="Tests\QueryBuilder\QueryBuilderOperationsTest" classname="Tests.QueryBuilder.QueryBuilderOperationsTest" assertions="1" time="0.000354"/>
        <testcase name="testOrWhere" file="/home/omgaalfa/php-projetos/applications/query-builder/tests/QueryBuilder/QueryBuilderOperationsTest.php" line="72" class="Tests\QueryBuilder\QueryBuilderOperationsTest" classname="Tests.QueryBuilder.QueryBuilderOperationsTest" assertions="1" time="0.000368"/>
        <testcase name="testWhereIn" file="/home/omgaalfa/php-projetos/applications/query-builder/tests/QueryBuilder/QueryBuilderOperationsTest.php" line="88" class="Tests\QueryBuilder\QueryBuilderOperationsTest" classname="Tests.QueryBuilder.QueryBuilderOperationsTest" assertions="1" time="0.000604"/>
        <testcase name="testWhereNotIn" file="/home/omgaalfa/php-projetos/applications/query-builder/tests/QueryBuilder/QueryBuilderOperationsTest.php" line="94" class="Tests\QueryBuilder\QueryBuilderOperationsTest" classname="Tests.QueryBuilder.QueryBuilderOperationsTest" assertions="1" time="0.000552"/>
        <testcase name="testWhereBetween" file="/home/omgaalfa/php-projetos/applications/query-builder/tests/QueryBuilder/QueryBuilderOperationsTest.php" line="100" class="Tests\QueryBuilder\QueryBuilderOperationsTest" classname="Tests.QueryBuilder.QueryBuilderOperationsTest" assertions="1" time="0.000489"/>
        <testcase name="testWhereNotBetween" file="/home/omgaalfa/php-projetos/applications/query-builder/tests/QueryBuilder/QueryBuilderOperationsTest.php" line="106" class="Tests\QueryBuilder\QueryBuilderOperationsTest" classname="Tests.QueryBuilder.QueryBuilderOperationsTest" assertions="1" time="0.000407"/>
        <testcase name="testWhereNullAndNotNull" file="/home/omgaalfa/php-projetos/applications/query-builder/tests/QueryBuilder/QueryBuilderOperationsTest.php" line="112" class="Tests\QueryBuilder\QueryBuilderOperationsTest" classname="Tests.QueryBuilder.QueryBuilderOperationsTest" assertions="2" time="0.000391"/>
        <testcase name="testJoin" file="/home/omgaalfa/php-projetos/applications/query-builder/tests/QueryBuilder/QueryBuilderOperationsTest.php" line="121" class="Tests\QueryBuilder\QueryBuilderOperationsTest" classname="Tests.QueryBuilder.QueryBuilderOperationsTest" assertions="3" time="0.000490"/>
        <testcase name="testFullJoinThrowsExceptionOnUnsupportedDriver" file="/home/omgaalfa/php-projetos/applications/query-builder/tests/QueryBuilder/QueryBuilderOperationsTest.php" line="171" class="Tests\QueryBuilder\QueryBuilderOperationsTest" classname="Tests.QueryBuilder.QueryBuilderOperationsTest" assertions="2" time="0.000393"/>
        <testcase name="testOrderBy" file="/home/omgaalfa/php-projetos/applications/query-builder/tests/QueryBuilder/QueryBuilderOperationsTest.php" line="199" class="Tests\QueryBuilder\QueryBuilderOperationsTest" classname="Tests.QueryBuilder.QueryBuilderOperationsTest" assertions="1" time="0.000384"/>
        <testcase name="testGroupByAndHaving" file="/home/omgaalfa/php-projetos/applications/query-builder/tests/QueryBuilder/QueryBuilderOperationsTest.php" line="205" class="Tests\QueryBuilder\QueryBuilderOperationsTest" classname="Tests.QueryBuilder.QueryBuilderOperationsTest" assertions="2" time="0.000363"/>
        <testcase name="testHavingRequiresGroupBy" file="/home/omgaalfa/php-projetos/applications/query-builder/tests/QueryBuilder/QueryBuilderOperationsTest.php" line="217" class="Tests\QueryBuilder\QueryBuilderOperationsTest" classname="Tests.QueryBuilder.QueryBuilderOperationsTest" assertions="1" time="0.000355"/>
        <testcase name="testHavingRaw" file="/home/omgaalfa/php-projetos/applications/query-builder/tests/QueryBuilder/QueryBuilderOperationsTest.php" line="223" class="Tests\QueryBuilder\QueryBuilderOperationsTest" classname="Tests.QueryBuilder.QueryBuilderOperationsTest" assertions="1" time="0.000368"/>
        <testcase name="testLimit" file="/home/omgaalfa/php-projetos/applications/query-builder/tests/QueryBuilder/QueryBuilderOperationsTest.php" line="234" class="Tests\QueryBuilder\QueryBuilderOperationsTest" classname="Tests.QueryBuilder.QueryBuilderOperationsTest" assertions="1" time="0.000351"/>
        <testcase name="testRawQuery" file="/home/omgaalfa/php-projetos/applications/query-builder/tests/QueryBuilder/QueryBuilderOperationsTest.php" line="244" class="Tests\QueryBuilder\QueryBuilderOperationsTest" classname="Tests.QueryBuilder.QueryBuilderOperationsTest" assertions="1" time="0.000402"/>
        <testcase name="testQuoteIdentifierEscapesProperly" file="/home/omgaalfa/php-projetos/applications/query-builder/tests/QueryBuilder/QueryBuilderOperationsTest.php" line="251" class="Tests\QueryBuilder\QueryBuilderOperationsTest" classname="Tests.QueryBuilder.QueryBuilderOperationsTest" assertions="2" time="0.000342"/>
      </testsuite>
      <testsuite name="Tests\QueryBuilder\QueryBuilderSecurityTest" file="/home/omgaalfa/php-projetos/applications/query-builder/tests/QueryBuilder/QueryBuilderSecurityTest.php" tests="4" assertions="5" errors="0" failures="0" skipped="0" time="0.001296">
        <testcase name="testSelectIncludesMaliciousSemicolonField" file="/home/omgaalfa/php-projetos/applications/query-builder/tests/QueryBuilder/QueryBuilderSecurityTest.php" line="17" class="Tests\QueryBuilder\QueryBuilderSecurityTest" classname="Tests.QueryBuilder.QueryBuilderSecurityTest" assertions="1" time="0.000368"/>
        <testcase name="testSelectIncludesMaliciousCommentField" file="/home/omgaalfa/php-projetos/applications/query-builder/tests/QueryBuilder/QueryBuilderSecurityTest.php" line="25" class="Tests\QueryBuilder\QueryBuilderSecurityTest" classname="Tests.QueryBuilder.QueryBuilderSecurityTest" assertions="1" time="0.000309"/>
        <testcase name="testSelectIncludesFunctionExpression" file="/home/omgaalfa/php-projetos/applications/query-builder/tests/QueryBuilder/QueryBuilderSecurityTest.php" line="33" class="Tests\QueryBuilder\QueryBuilderSecurityTest" classname="Tests.QueryBuilder.QueryBuilderSecurityTest" assertions="1" time="0.000301"/>
        <testcase name="testSelectQualifiedIdentifierLeftIntact" file="/home/omgaalfa/php-projetos/applications/query-builder/tests/QueryBuilder/QueryBuilderSecurityTest.php" line="41" class="Tests\QueryBuilder\QueryBuilderSecurityTest" classname="Tests.QueryBuilder.QueryBuilderSecurityTest" assertions="2" time="0.000318"/>
      </testsuite>
      <testsuite name="Tests\QueryBuilder\QueryBuilderToSqlSecurityTest" file="/home/omgaalfa/php-projetos/applications/query-builder/tests/QueryBuilder/QueryBuilderToSqlSecurityTest.php" tests="23" assertions="76" errors="0" failures="0" skipped="0" time="0.021148">
        <testcase name="testSqlInjectionOr1Equals1" file="/home/omgaalfa/php-projetos/applications/query-builder/tests/QueryBuilder/QueryBuilderToSqlSecurityTest.php" line="54" class="Tests\QueryBuilder\QueryBuilderToSqlSecurityTest" classname="Tests.QueryBuilder.QueryBuilderToSqlSecurityTest" assertions="3" time="0.000768">
          <system-out>
✅ PROTEÇÃO ATIVA: SQL Injection OR 1=1 bloqueado
   SQL Seguro:  SELECT * FROM `usuarios` WHERE `nome` = :param0
   SQL Debug:   SELECT * FROM `usuarios` WHERE `nome` = '\' OR 1=1 --'
</system-out>
        </testcase>
        <testcase name="testSqlInjectionUnionSelect" file="/home/omgaalfa/php-projetos/applications/query-builder/tests/QueryBuilder/QueryBuilderToSqlSecurityTest.php" line="83" class="Tests\QueryBuilder\QueryBuilderToSqlSecurityTest" classname="Tests.QueryBuilder.QueryBuilderToSqlSecurityTest" assertions="4" time="0.000753">
          <system-out>
✅ PROTEÇÃO ATIVA: SQL Injection UNION SELECT bloqueado
   SQL Seguro: SELECT * FROM `usuarios` WHERE `email` = :param0
</system-out>
        </testcase>
        <testcase name="testSqlInjectionSqlComments" file="/home/omgaalfa/php-projetos/applications/query-builder/tests/QueryBuilder/QueryBuilderToSqlSecurityTest.php" line="109" class="Tests\QueryBuilder\QueryBuilderToSqlSecurityTest" classname="Tests.QueryBuilder.QueryBuilderToSqlSecurityTest" assertions="2" time="0.002349">
          <system-out>
✅ PROTEÇÃO ATIVA: SQL Injection via comentário bloqueado
   SQL Debug: SELECT * FROM `usuarios` WHERE `username` = 'admin\' --'
</system-out>
        </testcase>
        <testcase name="testSqlInjectionStackedQueries" file="/home/omgaalfa/php-projetos/applications/query-builder/tests/QueryBuilder/QueryBuilderToSqlSecurityTest.php" line="132" class="Tests\QueryBuilder\QueryBuilderToSqlSecurityTest" classname="Tests.QueryBuilder.QueryBuilderToSqlSecurityTest" assertions="3" time="0.000827">
          <system-out>
✅ PROTEÇÃO ATIVA: Stacked queries (DROP TABLE) bloqueado
   SQL Seguro: SELECT * FROM `usuarios` WHERE `id` = :param0
</system-out>
        </testcase>
        <testcase name="testSqlInjectionHexEncoding" file="/home/omgaalfa/php-projetos/applications/query-builder/tests/QueryBuilder/QueryBuilderToSqlSecurityTest.php" line="156" class="Tests\QueryBuilder\QueryBuilderToSqlSecurityTest" classname="Tests.QueryBuilder.QueryBuilderToSqlSecurityTest" assertions="2" time="0.000760">
          <system-out>
✅ PROTEÇÃO ATIVA: Hex encoding tratado como string
</system-out>
        </testcase>
        <testcase name="testSpecialCharactersQuotes" file="/home/omgaalfa/php-projetos/applications/query-builder/tests/QueryBuilder/QueryBuilderToSqlSecurityTest.php" line="180" class="Tests\QueryBuilder\QueryBuilderToSqlSecurityTest" classname="Tests.QueryBuilder.QueryBuilderToSqlSecurityTest" assertions="3" time="0.000688">
          <system-out>
✅ Aspas corretamente escapadas no debug
</system-out>
        </testcase>
        <testcase name="testSpecialCharactersBackslashes" file="/home/omgaalfa/php-projetos/applications/query-builder/tests/QueryBuilder/QueryBuilderToSqlSecurityTest.php" line="203" class="Tests\QueryBuilder\QueryBuilderToSqlSecurityTest" classname="Tests.QueryBuilder.QueryBuilderToSqlSecurityTest" assertions="1" time="0.000682">
          <system-out>
✅ Backslashes escapados corretamente
</system-out>
        </testcase>
        <testcase name="testSpecialCharactersUnicode" file="/home/omgaalfa/php-projetos/applications/query-builder/tests/QueryBuilder/QueryBuilderToSqlSecurityTest.php" line="220" class="Tests\QueryBuilder\QueryBuilderToSqlSecurityTest" classname="Tests.QueryBuilder.QueryBuilderToSqlSecurityTest" assertions="1" time="0.000696">
          <system-out>
✅ Unicode preservado corretamente
</system-out>
        </testcase>
        <testcase name="testLikeOperatorWithMaliciousWildcards" file="/home/omgaalfa/php-projetos/applications/query-builder/tests/QueryBuilder/QueryBuilderToSqlSecurityTest.php" line="241" class="Tests\QueryBuilder\QueryBuilderToSqlSecurityTest" classname="Tests.QueryBuilder.QueryBuilderToSqlSecurityTest" assertions="2" time="0.000712">
          <system-out>
✅ LIKE com wildcards maliciosos bloqueado
</system-out>
        </testcase>
        <testcase name="testInOperatorWithMaliciousValues" file="/home/omgaalfa/php-projetos/applications/query-builder/tests/QueryBuilder/QueryBuilderToSqlSecurityTest.php" line="260" class="Tests\QueryBuilder\QueryBuilderToSqlSecurityTest" classname="Tests.QueryBuilder.QueryBuilderToSqlSecurityTest" assertions="2" time="0.000785">
          <system-out>
✅ IN operator com valores maliciosos bloqueado
</system-out>
        </testcase>
        <testcase name="testBetweenOperatorWithMaliciousValues" file="/home/omgaalfa/php-projetos/applications/query-builder/tests/QueryBuilder/QueryBuilderToSqlSecurityTest.php" line="281" class="Tests\QueryBuilder\QueryBuilderToSqlSecurityTest" classname="Tests.QueryBuilder.QueryBuilderToSqlSecurityTest" assertions="3" time="0.000738">
          <system-out>
✅ BETWEEN com valores maliciosos bloqueado
</system-out>
        </testcase>
        <testcase name="testDataTypesBoolean" file="/home/omgaalfa/php-projetos/applications/query-builder/tests/QueryBuilder/QueryBuilderToSqlSecurityTest.php" line="306" class="Tests\QueryBuilder\QueryBuilderToSqlSecurityTest" classname="Tests.QueryBuilder.QueryBuilderToSqlSecurityTest" assertions="3" time="0.000764">
          <system-out>
✅ Booleanos convertidos corretamente (1/0)
   SQL Debug: SELECT * FROM `usuarios` WHERE `ativo` = 1 AND `deletado` = 0
</system-out>
        </testcase>
        <testcase name="testDataTypesNull" file="/home/omgaalfa/php-projetos/applications/query-builder/tests/QueryBuilder/QueryBuilderToSqlSecurityTest.php" line="328" class="Tests\QueryBuilder\QueryBuilderToSqlSecurityTest" classname="Tests.QueryBuilder.QueryBuilderToSqlSecurityTest" assertions="1" time="0.000699">
          <system-out>
✅ NULL tratado corretamente
</system-out>
        </testcase>
        <testcase name="testDataTypesNumeric" file="/home/omgaalfa/php-projetos/applications/query-builder/tests/QueryBuilder/QueryBuilderToSqlSecurityTest.php" line="343" class="Tests\QueryBuilder\QueryBuilderToSqlSecurityTest" classname="Tests.QueryBuilder.QueryBuilderToSqlSecurityTest" assertions="2" time="0.000754">
          <system-out>
✅ Números sem aspas (correto)
</system-out>
        </testcase>
        <testcase name="testDataTypesDateTime" file="/home/omgaalfa/php-projetos/applications/query-builder/tests/QueryBuilder/QueryBuilderToSqlSecurityTest.php" line="361" class="Tests\QueryBuilder\QueryBuilderToSqlSecurityTest" classname="Tests.QueryBuilder.QueryBuilderToSqlSecurityTest" assertions="1" time="0.000908">
          <system-out>
✅ DateTime formatado corretamente
</system-out>
        </testcase>
        <testcase name="testMultipleWhereConditionsAnd" file="/home/omgaalfa/php-projetos/applications/query-builder/tests/QueryBuilder/QueryBuilderToSqlSecurityTest.php" line="382" class="Tests\QueryBuilder\QueryBuilderToSqlSecurityTest" classname="Tests.QueryBuilder.QueryBuilderToSqlSecurityTest" assertions="5" time="0.001067">
          <system-out>
✅ Múltiplas condições AND: todas protegidas
</system-out>
        </testcase>
        <testcase name="testMultipleWhereConditionsOr" file="/home/omgaalfa/php-projetos/applications/query-builder/tests/QueryBuilder/QueryBuilderToSqlSecurityTest.php" line="404" class="Tests\QueryBuilder\QueryBuilderToSqlSecurityTest" classname="Tests.QueryBuilder.QueryBuilderToSqlSecurityTest" assertions="3" time="0.001162">
          <system-out>
✅ Condições OR: ambas protegidas
</system-out>
        </testcase>
        <testcase name="testEdgeCaseEmptyString" file="/home/omgaalfa/php-projetos/applications/query-builder/tests/QueryBuilder/QueryBuilderToSqlSecurityTest.php" line="427" class="Tests\QueryBuilder\QueryBuilderToSqlSecurityTest" classname="Tests.QueryBuilder.QueryBuilderToSqlSecurityTest" assertions="1" time="0.000694">
          <system-out>
✅ String vazia tratada corretamente
</system-out>
        </testcase>
        <testcase name="testEdgeCaseVeryLongString" file="/home/omgaalfa/php-projetos/applications/query-builder/tests/QueryBuilder/QueryBuilderToSqlSecurityTest.php" line="441" class="Tests\QueryBuilder\QueryBuilderToSqlSecurityTest" classname="Tests.QueryBuilder.QueryBuilderToSqlSecurityTest" assertions="2" time="0.000704">
          <system-out>
✅ String longa com injection bloqueada
</system-out>
        </testcase>
        <testcase name="testEdgeCaseNumericStrings" file="/home/omgaalfa/php-projetos/applications/query-builder/tests/QueryBuilder/QueryBuilderToSqlSecurityTest.php" line="460" class="Tests\QueryBuilder\QueryBuilderToSqlSecurityTest" classname="Tests.QueryBuilder.QueryBuilderToSqlSecurityTest" assertions="2" time="0.000693">
          <system-out>
✅ Strings numéricas com aspas (correto)
</system-out>
        </testcase>
        <testcase name="testSecurityPlaceholdersAlwaysPresent" file="/home/omgaalfa/php-projetos/applications/query-builder/tests/QueryBuilder/QueryBuilderToSqlSecurityTest.php" line="480" class="Tests\QueryBuilder\QueryBuilderToSqlSecurityTest" classname="Tests.QueryBuilder.QueryBuilderToSqlSecurityTest" assertions="3" time="0.000724">
          <system-out>
✅ SEGURANÇA VERIFICADA: Placeholders sempre presentes
   SQL: SELECT * FROM `usuarios` WHERE `id` = :param0 AND `nome` = :param1
</system-out>
        </testcase>
        <testcase name="testSecurityNoInjectionWorksWithPlaceholders" file="/home/omgaalfa/php-projetos/applications/query-builder/tests/QueryBuilder/QueryBuilderToSqlSecurityTest.php" line="501" class="Tests\QueryBuilder\QueryBuilderToSqlSecurityTest" classname="Tests.QueryBuilder.QueryBuilderToSqlSecurityTest" assertions="25" time="0.001995">
          <system-out>
═══════════════════════════════════════════════════════════════════
🔒 TESTE FINAL: Verificando proteção contra ataques conhecidos
═══════════════════════════════════════════════════════════════════
   ✅ Ataque 1 BLOQUEADO: ' OR '1'='1
      SQL gerado: SELECT * FROM `usuarios` WHERE `username` = :param0

   ✅ Ataque 2 BLOQUEADO: '; DROP TABLE usuarios; --
      SQL gerado: SELECT * FROM `usuarios` WHERE `username` = :param0

   ✅ Ataque 3 BLOQUEADO: admin' --
      SQL gerado: SELECT * FROM `usuarios` WHERE `username` = :param0

   ✅ Ataque 4 BLOQUEADO: ' UNION SELECT * FROM admin_users --
      SQL gerado: SELECT * FROM `usuarios` WHERE `username` = :param0

   ✅ Ataque 5 BLOQUEADO: 1'; UPDATE usuarios SET role='admin' WHERE '1'='1
      SQL gerado: SELECT * FROM `usuarios` WHERE `username` = :param0

═══════════════════════════════════════════════════════════════════
🎉 TODOS OS ATAQUES FORAM BLOQUEADOS COM SUCESSO!
═══════════════════════════════════════════════════════════════════
</system-out>
        </testcase>
        <testcase name="testSecurityAddslashesWorksProperly" file="/home/omgaalfa/php-projetos/applications/query-builder/tests/QueryBuilder/QueryBuilderToSqlSecurityTest.php" line="542" class="Tests\QueryBuilder\QueryBuilderToSqlSecurityTest" classname="Tests.QueryBuilder.QueryBuilderToSqlSecurityTest" assertions="2" time="0.001222">
          <system-out>
✅ addslashes funcionando corretamente
</system-out>
        </testcase>
      </testsuite>
      <testsuite name="Tests\QueryBuilder\QueryBuilderUnitTest" file="/home/omgaalfa/php-projetos/applications/query-builder/tests/QueryBuilder/QueryBuilderUnitTest.php" tests="2" assertions="6" errors="0" failures="0" skipped="0" time="0.001958">
        <testcase name="testAggregateMethodsUsePreparedStatementAndReturnValues" file="/home/omgaalfa/php-projetos/applications/query-builder/tests/QueryBuilder/QueryBuilderUnitTest.php" line="17" class="Tests\QueryBuilder\QueryBuilderUnitTest" classname="Tests.QueryBuilder.QueryBuilderUnitTest" assertions="4" time="0.001315"/>
        <testcase name="testTransactionalDelegatesToConnection" file="/home/omgaalfa/php-projetos/applications/query-builder/tests/QueryBuilder/QueryBuilderUnitTest.php" line="62" class="Tests\QueryBuilder\QueryBuilderUnitTest" classname="Tests.QueryBuilder.QueryBuilderUnitTest" assertions="2" time="0.000642"/>
      </testsuite>
      <testsuite name="Tests\QueryBuilder\RedisCacheConfigurationTest" file="/home/omgaalfa/php-projetos/applications/query-builder/tests/QueryBuilder/RedisCacheConfigurationTest.php" tests="4" assertions="4" errors="0" failures="0" skipped="0" time="0.002401">
        <testsuite name="Tests\QueryBuilder\RedisCacheConfigurationTest::testRejectsInvalidConnectionConfiguration" tests="4" assertions="4" errors="0" failures="0" skipped="0" time="0.002401">
          <testcase name="testRejectsInvalidConnectionConfiguration with data set &quot;port below range&quot;" file="/home/omgaalfa/php-projetos/applications/query-builder/tests/QueryBuilder/RedisCacheConfigurationTest.php" line="16" class="Tests\QueryBuilder\RedisCacheConfigurationTest" classname="Tests.QueryBuilder.RedisCacheConfigurationTest" assertions="1" time="0.001136"/>
          <testcase name="testRejectsInvalidConnectionConfiguration with data set &quot;port above range&quot;" file="/home/omgaalfa/php-projetos/applications/query-builder/tests/QueryBuilder/RedisCacheConfigurationTest.php" line="16" class="Tests\QueryBuilder\RedisCacheConfigurationTest" classname="Tests.QueryBuilder.RedisCacheConfigurationTest" assertions="1" time="0.000530"/>
          <testcase name="testRejectsInvalidConnectionConfiguration with data set &quot;non-positive timeout&quot;" file="/home/omgaalfa/php-projetos/applications/query-builder/tests/QueryBuilder/RedisCacheConfigurationTest.php" line="16" class="Tests\QueryBuilder\RedisCacheConfigurationTest" classname="Tests.QueryBuilder.RedisCacheConfigurationTest" assertions="1" time="0.000378"/>
          <testcase name="testRejectsInvalidConnectionConfiguration with data set &quot;negative database&quot;" file="/home/omgaalfa/php-projetos/applications/query-builder/tests/QueryBuilder/RedisCacheConfigurationTest.php" line="16" class="Tests\QueryBuilder\RedisCacheConfigurationTest" classname="Tests.QueryBuilder.RedisCacheConfigurationTest" assertions="1" time="0.000357"/>
        </testsuite>
      </testsuite>
    </testsuite>
  </testsuite>
</testsuites>
