<?xml version="1.0" encoding="UTF-8"?>
<testsuites>
  <testsuite name="/home/omgaalfa/php-projetos/applications/query-builder/phpunit.xml" tests="149" assertions="335" errors="0" failures="0" skipped="9" time="0.858873">
    <testsuite name="Unit" tests="149" assertions="335" errors="0" failures="0" skipped="9" time="0.858873">
      <testsuite name="Tests\QueryBuilder\DatabaseSettingsCharsetTest" file="/home/omgaalfa/php-projetos/applications/query-builder/tests/QueryBuilder/DatabaseSettingsCharsetTest.php" tests="2" assertions="4" errors="0" failures="0" skipped="0" time="0.034998">
        <testcase name="testCharsetDefaultsAreSelectedByDriver" file="/home/omgaalfa/php-projetos/applications/query-builder/tests/QueryBuilder/DatabaseSettingsCharsetTest.php" line="12" class="Tests\QueryBuilder\DatabaseSettingsCharsetTest" classname="Tests.QueryBuilder.DatabaseSettingsCharsetTest" assertions="3" time="0.032256"/>
        <testcase name="testExplicitCharsetIsPreserved" file="/home/omgaalfa/php-projetos/applications/query-builder/tests/QueryBuilder/DatabaseSettingsCharsetTest.php" line="19" class="Tests\QueryBuilder\DatabaseSettingsCharsetTest" classname="Tests.QueryBuilder.DatabaseSettingsCharsetTest" assertions="1" time="0.002742"/>
      </testsuite>
      <testsuite name="Tests\QueryBuilder\EnvLoaderTest" file="/home/omgaalfa/php-projetos/applications/query-builder/tests/QueryBuilder/EnvLoaderTest.php" tests="4" assertions="11" errors="0" failures="0" skipped="0" time="0.017388">
        <testcase name="testLoadsQuotedValuesCommentsAndTypedAccessors" file="/home/omgaalfa/php-projetos/applications/query-builder/tests/QueryBuilder/EnvLoaderTest.php" line="32" class="Tests\QueryBuilder\EnvLoaderTest" classname="Tests.QueryBuilder.EnvLoaderTest" assertions="6" time="0.005185"/>
        <testcase name="testDoesNotOverwriteProcessEnvironmentUnlessExplicitlyRequested" file="/home/omgaalfa/php-projetos/applications/query-builder/tests/QueryBuilder/EnvLoaderTest.php" line="55" class="Tests\QueryBuilder\EnvLoaderTest" classname="Tests.QueryBuilder.EnvLoaderTest" assertions="2" time="0.004373"/>
        <testcase name="testRejectsInvalidVariableNamesAndMalformedQuotedValues" file="/home/omgaalfa/php-projetos/applications/query-builder/tests/QueryBuilder/EnvLoaderTest.php" line="69" class="Tests\QueryBuilder\EnvLoaderTest" classname="Tests.QueryBuilder.EnvLoaderTest" assertions="1" time="0.004357"/>
        <testcase name="testStrictPermissionsRejectBroadlyReadableFile" file="/home/omgaalfa/php-projetos/applications/query-builder/tests/QueryBuilder/EnvLoaderTest.php" line="75" class="Tests\QueryBuilder\EnvLoaderTest" classname="Tests.QueryBuilder.EnvLoaderTest" assertions="2" time="0.003472"/>
      </testsuite>
      <testsuite name="Tests\QueryBuilder\FileQueryLoggerTest" file="/home/omgaalfa/php-projetos/applications/query-builder/tests/QueryBuilder/FileQueryLoggerTest.php" tests="7" assertions="31" errors="0" failures="0" skipped="0" time="0.036560">
        <testcase name="testWritesStructuredQueryWithoutParametersByDefault" file="/home/omgaalfa/php-projetos/applications/query-builder/tests/QueryBuilder/FileQueryLoggerTest.php" line="35" class="Tests\QueryBuilder\FileQueryLoggerTest" classname="Tests.QueryBuilder.FileQueryLoggerTest" assertions="8" time="0.005837"/>
        <testcase name="testRedactsSensitiveParametersRecursively" file="/home/omgaalfa/php-projetos/applications/query-builder/tests/QueryBuilder/FileQueryLoggerTest.php" line="50" class="Tests\QueryBuilder\FileQueryLoggerTest" classname="Tests.QueryBuilder.FileQueryLoggerTest" assertions="6" time="0.004804"/>
        <testcase name="testInvalidUtf8DoesNotBreakLogging" file="/home/omgaalfa/php-projetos/applications/query-builder/tests/QueryBuilder/FileQueryLoggerTest.php" line="66" class="Tests\QueryBuilder\FileQueryLoggerTest" classname="Tests.QueryBuilder.FileQueryLoggerTest" assertions="4" time="0.004314"/>
        <testcase name="testErrorTraceIsDisabledByDefault" file="/home/omgaalfa/php-projetos/applications/query-builder/tests/QueryBuilder/FileQueryLoggerTest.php" line="75" class="Tests\QueryBuilder\FileQueryLoggerTest" classname="Tests.QueryBuilder.FileQueryLoggerTest" assertions="5" time="0.005006"/>
        <testcase name="testRotatesLogAtConfiguredSize" file="/home/omgaalfa/php-projetos/applications/query-builder/tests/QueryBuilder/FileQueryLoggerTest.php" line="87" class="Tests\QueryBuilder\FileQueryLoggerTest" classname="Tests.QueryBuilder.FileQueryLoggerTest" assertions="3" time="0.007026"/>
        <testcase name="testDisabledLoggerDoesNotTouchFilesystem" file="/home/omgaalfa/php-projetos/applications/query-builder/tests/QueryBuilder/FileQueryLoggerTest.php" line="97" class="Tests\QueryBuilder\FileQueryLoggerTest" classname="Tests.QueryBuilder.FileQueryLoggerTest" assertions="2" time="0.003618"/>
        <testcase name="testStrictFailureModeReportsWriteFailure" file="/home/omgaalfa/php-projetos/applications/query-builder/tests/QueryBuilder/FileQueryLoggerTest.php" line="105" class="Tests\QueryBuilder\FileQueryLoggerTest" classname="Tests.QueryBuilder.FileQueryLoggerTest" assertions="3" time="0.005955"/>
      </testsuite>
      <testsuite name="Tests\QueryBuilder\InsertIdentityTest" file="/home/omgaalfa/php-projetos/applications/query-builder/tests/QueryBuilder/InsertIdentityTest.php" tests="4" assertions="13" errors="0" failures="0" skipped="1" time="0.031415">
        <testcase name="testPlainInsertDoesNotCallLastInsertId" file="/home/omgaalfa/php-projetos/applications/query-builder/tests/QueryBuilder/InsertIdentityTest.php" line="15" class="Tests\QueryBuilder\InsertIdentityTest" classname="Tests.QueryBuilder.InsertIdentityTest" assertions="3" time="0.015645"/>
        <testcase name="testMySqlAutoIncrementIsRequestedExplicitly" file="/home/omgaalfa/php-projetos/applications/query-builder/tests/QueryBuilder/InsertIdentityTest.php" line="26" class="Tests\QueryBuilder\InsertIdentityTest" classname="Tests.QueryBuilder.InsertIdentityTest" assertions="6" time="0.007176"/>
        <testcase name="testSqliteSupportsNaturalUuidCompositeAndExplicitAutoincrement" file="/home/omgaalfa/php-projetos/applications/query-builder/tests/QueryBuilder/InsertIdentityTest.php" line="44" class="Tests\QueryBuilder\InsertIdentityTest" classname="Tests.QueryBuilder.InsertIdentityTest" assertions="0" time="0.002531">
          <skipped/>
        </testcase>
        <testcase name="testSqliteAutoincrementUsesLastInsertIdOnlyWhenRequested" file="/home/omgaalfa/php-projetos/applications/query-builder/tests/QueryBuilder/InsertIdentityTest.php" line="66" class="Tests\QueryBuilder\InsertIdentityTest" classname="Tests.QueryBuilder.InsertIdentityTest" assertions="4" time="0.006063"/>
      </testsuite>
      <testsuite name="Tests\QueryBuilder\PgVectorCacheKeyTest" file="/home/omgaalfa/php-projetos/applications/query-builder/tests/QueryBuilder/PgVectorCacheKeyTest.php" tests="4" assertions="11" errors="0" failures="0" skipped="0" time="0.047233">
        <testcase name="testVectorCacheKeysAreStableDistinctAndCompact" file="/home/omgaalfa/php-projetos/applications/query-builder/tests/QueryBuilder/PgVectorCacheKeyTest.php" line="14" class="Tests\QueryBuilder\PgVectorCacheKeyTest" classname="Tests.QueryBuilder.PgVectorCacheKeyTest" assertions="3" time="0.023397"/>
        <testcase name="testLocaleDoesNotChangeVectorCacheKey" file="/home/omgaalfa/php-projetos/applications/query-builder/tests/QueryBuilder/PgVectorCacheKeyTest.php" line="15" class="Tests\QueryBuilder\PgVectorCacheKeyTest" classname="Tests.QueryBuilder.PgVectorCacheKeyTest" assertions="1" time="0.008985"/>
        <testcase name="testMetricDimensionsLimitOffsetAndFiltersParticipate" file="/home/omgaalfa/php-projetos/applications/query-builder/tests/QueryBuilder/PgVectorCacheKeyTest.php" line="16" class="Tests\QueryBuilder\PgVectorCacheKeyTest" classname="Tests.QueryBuilder.PgVectorCacheKeyTest" assertions="5" time="0.009595"/>
        <testcase name="testLimitAndPaginationUseDifferentCacheKeys" file="/home/omgaalfa/php-projetos/applications/query-builder/tests/QueryBuilder/PgVectorCacheKeyTest.php" line="17" class="Tests\QueryBuilder\PgVectorCacheKeyTest" classname="Tests.QueryBuilder.PgVectorCacheKeyTest" assertions="2" time="0.005257"/>
      </testsuite>
      <testsuite name="Tests\QueryBuilder\PgVectorIntegrationTest" file="/home/omgaalfa/php-projetos/applications/query-builder/tests/QueryBuilder/PgVectorIntegrationTest.php" tests="4" assertions="0" errors="0" failures="0" skipped="4" time="0.000000">
        <testcase name="testNativePreparedStatementsAndVectorOperations" file="/home/omgaalfa/php-projetos/applications/query-builder/tests/QueryBuilder/PgVectorIntegrationTest.php" line="51" class="Tests\QueryBuilder\PgVectorIntegrationTest" classname="Tests.QueryBuilder.PgVectorIntegrationTest" assertions="0" time="0.000000">
          <skipped/>
        </testcase>
        <testcase name="testTypedBatchUpsertWithVectors" file="/home/omgaalfa/php-projetos/applications/query-builder/tests/QueryBuilder/PgVectorIntegrationTest.php" line="105" class="Tests\QueryBuilder\PgVectorIntegrationTest" classname="Tests.QueryBuilder.PgVectorIntegrationTest" assertions="0" time="0.000000">
          <skipped/>
        </testcase>
        <testcase name="testInsertIdentityStrategiesWithoutArtificialSequence" file="/home/omgaalfa/php-projetos/applications/query-builder/tests/QueryBuilder/PgVectorIntegrationTest.php" line="136" class="Tests\QueryBuilder\PgVectorIntegrationTest" classname="Tests.QueryBuilder.PgVectorIntegrationTest" assertions="0" time="0.000000">
          <skipped/>
        </testcase>
        <testcase name="testPostgreSqlReturnLastInsertIdUsesReturningInsteadOfPdoLastInsertId" file="/home/omgaalfa/php-projetos/applications/query-builder/tests/QueryBuilder/PgVectorIntegrationTest.php" line="172" class="Tests\QueryBuilder\PgVectorIntegrationTest" classname="Tests.QueryBuilder.PgVectorIntegrationTest" assertions="0" time="0.000000">
          <skipped/>
        </testcase>
      </testsuite>
      <testsuite name="Tests\QueryBuilder\PgVectorMetricTest" file="/home/omgaalfa/php-projetos/applications/query-builder/tests/QueryBuilder/PgVectorMetricTest.php" tests="1" assertions="1" errors="0" failures="0" skipped="0" time="0.002488">
        <testcase name="testInnerProductMetricReturnsNegativeInnerProduct" file="/home/omgaalfa/php-projetos/applications/query-builder/tests/QueryBuilder/PgVectorMetricTest.php" line="8" class="Tests\QueryBuilder\PgVectorMetricTest" classname="Tests.QueryBuilder.PgVectorMetricTest" assertions="1" time="0.002488"/>
      </testsuite>
      <testsuite name="Tests\QueryBuilder\PgVectorTest" file="/home/omgaalfa/php-projetos/applications/query-builder/tests/QueryBuilder/PgVectorTest.php" tests="16" assertions="32" errors="0" failures="0" skipped="0" time="0.062078">
        <testcase name="testVectorValidationAndCanonicalSerialization" file="/home/omgaalfa/php-projetos/applications/query-builder/tests/QueryBuilder/PgVectorTest.php" line="21" class="Tests\QueryBuilder\PgVectorTest" classname="Tests.QueryBuilder.PgVectorTest" assertions="3" time="0.002942"/>
        <testsuite name="Tests\QueryBuilder\PgVectorTest::testInvalidVectorsAreRejected" tests="8" assertions="8" errors="0" failures="0" skipped="0" time="0.027958">
          <testcase name="testInvalidVectorsAreRejected with data set &quot;empty&quot;" file="/home/omgaalfa/php-projetos/applications/query-builder/tests/QueryBuilder/PgVectorTest.php" line="30" class="Tests\QueryBuilder\PgVectorTest" classname="Tests.QueryBuilder.PgVectorTest" assertions="1" time="0.003706"/>
          <testcase name="testInvalidVectorsAreRejected with data set &quot;non-list&quot;" file="/home/omgaalfa/php-projetos/applications/query-builder/tests/QueryBuilder/PgVectorTest.php" line="30" class="Tests\QueryBuilder\PgVectorTest" classname="Tests.QueryBuilder.PgVectorTest" assertions="1" time="0.004830"/>
          <testcase name="testInvalidVectorsAreRejected with data set &quot;string&quot;" file="/home/omgaalfa/php-projetos/applications/query-builder/tests/QueryBuilder/PgVectorTest.php" line="30" class="Tests\QueryBuilder\PgVectorTest" classname="Tests.QueryBuilder.PgVectorTest" assertions="1" time="0.002661"/>
          <testcase name="testInvalidVectorsAreRejected with data set &quot;nan&quot;" file="/home/omgaalfa/php-projetos/applications/query-builder/tests/QueryBuilder/PgVectorTest.php" line="30" class="Tests\QueryBuilder\PgVectorTest" classname="Tests.QueryBuilder.PgVectorTest" assertions="1" time="0.002537"/>
          <testcase name="testInvalidVectorsAreRejected with data set &quot;positive infinity&quot;" file="/home/omgaalfa/php-projetos/applications/query-builder/tests/QueryBuilder/PgVectorTest.php" line="30" class="Tests\QueryBuilder\PgVectorTest" classname="Tests.QueryBuilder.PgVectorTest" assertions="1" time="0.004621"/>
          <testcase name="testInvalidVectorsAreRejected with data set &quot;negative infinity&quot;" file="/home/omgaalfa/php-projetos/applications/query-builder/tests/QueryBuilder/PgVectorTest.php" line="30" class="Tests\QueryBuilder\PgVectorTest" classname="Tests.QueryBuilder.PgVectorTest" assertions="1" time="0.003669"/>
          <testcase name="testInvalidVectorsAreRejected with data set &quot;wrong dimensions&quot;" file="/home/omgaalfa/php-projetos/applications/query-builder/tests/QueryBuilder/PgVectorTest.php" line="30" class="Tests\QueryBuilder\PgVectorTest" classname="Tests.QueryBuilder.PgVectorTest" assertions="1" time="0.002976"/>
          <testcase name="testInvalidVectorsAreRejected with data set &quot;invalid dimensions&quot;" file="/home/omgaalfa/php-projetos/applications/query-builder/tests/QueryBuilder/PgVectorTest.php" line="30" class="Tests\QueryBuilder\PgVectorTest" classname="Tests.QueryBuilder.PgVectorTest" assertions="1" time="0.002958"/>
        </testsuite>
        <testcase name="testEveryPhysicalExpressionOccurrenceGetsAUniquePlaceholder" file="/home/omgaalfa/php-projetos/applications/query-builder/tests/QueryBuilder/PgVectorTest.php" line="48" class="Tests\QueryBuilder\PgVectorTest" classname="Tests.QueryBuilder.PgVectorTest" assertions="2" time="0.003455"/>
        <testsuite name="Tests\QueryBuilder\PgVectorTest::testNearestNeighborsUsesIndexableAscendingDistance" tests="4" assertions="16" errors="0" failures="0" skipped="0" time="0.021293">
          <testcase name="testNearestNeighborsUsesIndexableAscendingDistance with data set &quot;L2&quot;" file="/home/omgaalfa/php-projetos/applications/query-builder/tests/QueryBuilder/PgVectorTest.php" line="68" class="Tests\QueryBuilder\PgVectorTest" classname="Tests.QueryBuilder.PgVectorTest" assertions="4" time="0.003198"/>
          <testcase name="testNearestNeighborsUsesIndexableAscendingDistance with data set &quot;INNER_PRODUCT&quot;" file="/home/omgaalfa/php-projetos/applications/query-builder/tests/QueryBuilder/PgVectorTest.php" line="68" class="Tests\QueryBuilder\PgVectorTest" classname="Tests.QueryBuilder.PgVectorTest" assertions="4" time="0.003390"/>
          <testcase name="testNearestNeighborsUsesIndexableAscendingDistance with data set &quot;COSINE&quot;" file="/home/omgaalfa/php-projetos/applications/query-builder/tests/QueryBuilder/PgVectorTest.php" line="68" class="Tests\QueryBuilder\PgVectorTest" classname="Tests.QueryBuilder.PgVectorTest" assertions="4" time="0.003552"/>
          <testcase name="testNearestNeighborsUsesIndexableAscendingDistance with data set &quot;L1&quot;" file="/home/omgaalfa/php-projetos/applications/query-builder/tests/QueryBuilder/PgVectorTest.php" line="68" class="Tests\QueryBuilder\PgVectorTest" classname="Tests.QueryBuilder.PgVectorTest" assertions="4" time="0.011152"/>
        </testsuite>
        <testcase name="testVectorInsertAndUpdateUseBoundCast" file="/home/omgaalfa/php-projetos/applications/query-builder/tests/QueryBuilder/PgVectorTest.php" line="90" class="Tests\QueryBuilder\PgVectorTest" classname="Tests.QueryBuilder.PgVectorTest" assertions="2" time="0.002939"/>
        <testcase name="testPgVectorFailsEarlyOnOtherDrivers" file="/home/omgaalfa/php-projetos/applications/query-builder/tests/QueryBuilder/PgVectorTest.php" line="103" class="Tests\QueryBuilder\PgVectorTest" classname="Tests.QueryBuilder.PgVectorTest" assertions="1" time="0.003492"/>
      </testsuite>
      <testsuite name="Tests\QueryBuilder\PostgreSqlUpsertTest" file="/home/omgaalfa/php-projetos/applications/query-builder/tests/QueryBuilder/PostgreSqlUpsertTest.php" tests="5" assertions="5" errors="0" failures="0" skipped="0" time="0.019373">
        <testcase name="testBuildsTypedBatchUpsertWithVectorCasts" file="/home/omgaalfa/php-projetos/applications/query-builder/tests/QueryBuilder/PostgreSqlUpsertTest.php" line="15" class="Tests\QueryBuilder\PostgreSqlUpsertTest" classname="Tests.QueryBuilder.PostgreSqlUpsertTest" assertions="1" time="0.005291"/>
        <testcase name="testBuildsDoNothing" file="/home/omgaalfa/php-projetos/applications/query-builder/tests/QueryBuilder/PostgreSqlUpsertTest.php" line="36" class="Tests\QueryBuilder\PostgreSqlUpsertTest" classname="Tests.QueryBuilder.PostgreSqlUpsertTest" assertions="1" time="0.003230"/>
        <testcase name="testRejectsColumnOutsideInsertedRows" file="/home/omgaalfa/php-projetos/applications/query-builder/tests/QueryBuilder/PostgreSqlUpsertTest.php" line="47" class="Tests\QueryBuilder\PostgreSqlUpsertTest" classname="Tests.QueryBuilder.PostgreSqlUpsertTest" assertions="1" time="0.003207"/>
        <testcase name="testRejectsConflictActionBeforeTarget" file="/home/omgaalfa/php-projetos/applications/query-builder/tests/QueryBuilder/PostgreSqlUpsertTest.php" line="55" class="Tests\QueryBuilder\PostgreSqlUpsertTest" classname="Tests.QueryBuilder.PostgreSqlUpsertTest" assertions="1" time="0.003166"/>
        <testcase name="testRejectsOnConflictOutsidePostgreSql" file="/home/omgaalfa/php-projetos/applications/query-builder/tests/QueryBuilder/PostgreSqlUpsertTest.php" line="63" class="Tests\QueryBuilder\PostgreSqlUpsertTest" classname="Tests.QueryBuilder.PostgreSqlUpsertTest" assertions="1" time="0.004478"/>
      </testsuite>
      <testsuite name="Tests\QueryBuilder\QueryBuilderBindingTest" file="/home/omgaalfa/php-projetos/applications/query-builder/tests/QueryBuilder/QueryBuilderBindingTest.php" tests="6" assertions="25" errors="0" failures="0" skipped="0" time="0.065074">
        <testcase name="testBindNullUsesParamNull" file="/home/omgaalfa/php-projetos/applications/query-builder/tests/QueryBuilder/QueryBuilderBindingTest.php" line="30" class="Tests\QueryBuilder\QueryBuilderBindingTest" classname="Tests.QueryBuilder.QueryBuilderBindingTest" assertions="5" time="0.015376"/>
        <testcase name="testBindIntUsesParamInt" file="/home/omgaalfa/php-projetos/applications/query-builder/tests/QueryBuilder/QueryBuilderBindingTest.php" line="50" class="Tests\QueryBuilder\QueryBuilderBindingTest" classname="Tests.QueryBuilder.QueryBuilderBindingTest" assertions="5" time="0.008796"/>
        <testcase name="testBindBoolCastsToIntParam" file="/home/omgaalfa/php-projetos/applications/query-builder/tests/QueryBuilder/QueryBuilderBindingTest.php" line="71" class="Tests\QueryBuilder\QueryBuilderBindingTest" classname="Tests.QueryBuilder.QueryBuilderBindingTest" assertions="5" time="0.010823"/>
        <testcase name="testBindDateTimeFormatsString" file="/home/omgaalfa/php-projetos/applications/query-builder/tests/QueryBuilder/QueryBuilderBindingTest.php" line="89" class="Tests\QueryBuilder\QueryBuilderBindingTest" classname="Tests.QueryBuilder.QueryBuilderBindingTest" assertions="4" time="0.006902"/>
        <testcase name="testBindResourceUsesBindParamLob" file="/home/omgaalfa/php-projetos/applications/query-builder/tests/QueryBuilder/QueryBuilderBindingTest.php" line="109" class="Tests\QueryBuilder\QueryBuilderBindingTest" classname="Tests.QueryBuilder.QueryBuilderBindingTest" assertions="5" time="0.011190"/>
        <testcase name="testArrayBindingThrowsDatabaseException" file="/home/omgaalfa/php-projetos/applications/query-builder/tests/QueryBuilder/QueryBuilderBindingTest.php" line="131" class="Tests\QueryBuilder\QueryBuilderBindingTest" classname="Tests.QueryBuilder.QueryBuilderBindingTest" assertions="1" time="0.011987"/>
      </testsuite>
      <testsuite name="Tests\QueryBuilder\QueryBuilderCacheTest" file="/home/omgaalfa/php-projetos/applications/query-builder/tests/QueryBuilder/QueryBuilderCacheTest.php" tests="4" assertions="22" errors="0" failures="0" skipped="0" time="0.028731">
        <testcase name="testExecuteSupportsLazyStreamingAndCache" file="/home/omgaalfa/php-projetos/applications/query-builder/tests/QueryBuilder/QueryBuilderCacheTest.php" line="21" class="Tests\QueryBuilder\QueryBuilderCacheTest" classname="Tests.QueryBuilder.QueryBuilderCacheTest" assertions="7" time="0.009264"/>
        <testcase name="testGetFromCacheReturnsDtoWhenCachePayloadIsValid" file="/home/omgaalfa/php-projetos/applications/query-builder/tests/QueryBuilder/QueryBuilderCacheTest.php" line="113" class="Tests\QueryBuilder\QueryBuilderCacheTest" classname="Tests.QueryBuilder.QueryBuilderCacheTest" assertions="7" time="0.008025"/>
        <testcase name="testGetFromCacheReturnsNullWhenPayloadIsInvalid" file="/home/omgaalfa/php-projetos/applications/query-builder/tests/QueryBuilder/QueryBuilderCacheTest.php" line="154" class="Tests\QueryBuilder\QueryBuilderCacheTest" classname="Tests.QueryBuilder.QueryBuilderCacheTest" assertions="4" time="0.006367"/>
        <testcase name="testSaveToCacheStoresIterableResult" file="/home/omgaalfa/php-projetos/applications/query-builder/tests/QueryBuilder/QueryBuilderCacheTest.php" line="184" class="Tests\QueryBuilder\QueryBuilderCacheTest" classname="Tests.QueryBuilder.QueryBuilderCacheTest" assertions="4" time="0.005075"/>
      </testsuite>
      <testsuite name="Tests\QueryBuilder\QueryBuilderExecutionTest" file="/home/omgaalfa/php-projetos/applications/query-builder/tests/QueryBuilder/QueryBuilderExecutionTest.php" tests="8" assertions="8" errors="0" failures="0" skipped="0" time="0.066013">
        <testcase name="testSumReturnsFloat" file="/home/omgaalfa/php-projetos/applications/query-builder/tests/QueryBuilder/QueryBuilderExecutionTest.php" line="19" class="Tests\QueryBuilder\QueryBuilderExecutionTest" classname="Tests.QueryBuilder.QueryBuilderExecutionTest" assertions="1" time="0.008290"/>
        <testcase name="testAvgReturnsAverage" file="/home/omgaalfa/php-projetos/applications/query-builder/tests/QueryBuilder/QueryBuilderExecutionTest.php" line="28" class="Tests\QueryBuilder\QueryBuilderExecutionTest" classname="Tests.QueryBuilder.QueryBuilderExecutionTest" assertions="1" time="0.009826"/>
        <testcase name="testMaxReturnsMaximum" file="/home/omgaalfa/php-projetos/applications/query-builder/tests/QueryBuilder/QueryBuilderExecutionTest.php" line="37" class="Tests\QueryBuilder\QueryBuilderExecutionTest" classname="Tests.QueryBuilder.QueryBuilderExecutionTest" assertions="1" time="0.008803"/>
        <testcase name="testMinReturnsMinimum" file="/home/omgaalfa/php-projetos/applications/query-builder/tests/QueryBuilder/QueryBuilderExecutionTest.php" line="46" class="Tests\QueryBuilder\QueryBuilderExecutionTest" classname="Tests.QueryBuilder.QueryBuilderExecutionTest" assertions="1" time="0.006803"/>
        <testcase name="testCountReturnsInt" file="/home/omgaalfa/php-projetos/applications/query-builder/tests/QueryBuilder/QueryBuilderExecutionTest.php" line="55" class="Tests\QueryBuilder\QueryBuilderExecutionTest" classname="Tests.QueryBuilder.QueryBuilderExecutionTest" assertions="1" time="0.011660"/>
        <testcase name="testExistsReliesOnCount" file="/home/omgaalfa/php-projetos/applications/query-builder/tests/QueryBuilder/QueryBuilderExecutionTest.php" line="64" class="Tests\QueryBuilder\QueryBuilderExecutionTest" classname="Tests.QueryBuilder.QueryBuilderExecutionTest" assertions="1" time="0.006152"/>
        <testcase name="testLimitDoesNotCreatePagination" file="/home/omgaalfa/php-projetos/applications/query-builder/tests/QueryBuilder/QueryBuilderExecutionTest.php" line="73" class="Tests\QueryBuilder\QueryBuilderExecutionTest" classname="Tests.QueryBuilder.QueryBuilderExecutionTest" assertions="1" time="0.005822"/>
        <testcase name="testCreatesDefaultPaginatorWhenPaginateIsUsed" file="/home/omgaalfa/php-projetos/applications/query-builder/tests/QueryBuilder/QueryBuilderExecutionTest.php" line="83" class="Tests\QueryBuilder\QueryBuilderExecutionTest" classname="Tests.QueryBuilder.QueryBuilderExecutionTest" assertions="1" time="0.008656"/>
      </testsuite>
      <testsuite name="Tests\QueryBuilder\QueryBuilderFullTest" file="/home/omgaalfa/php-projetos/applications/query-builder/tests/QueryBuilder/QueryBuilderFullTest.php" tests="26" assertions="52" errors="0" failures="0" skipped="0" time="0.130350">
        <testcase name="testSelectInsertUpdateDeleteSQL" file="/home/omgaalfa/php-projetos/applications/query-builder/tests/QueryBuilder/QueryBuilderFullTest.php" line="33" class="Tests\QueryBuilder\QueryBuilderFullTest" classname="Tests.QueryBuilder.QueryBuilderFullTest" assertions="4" time="0.005080"/>
        <testcase name="testInsertBatch" file="/home/omgaalfa/php-projetos/applications/query-builder/tests/QueryBuilder/QueryBuilderFullTest.php" line="41" class="Tests\QueryBuilder\QueryBuilderFullTest" classname="Tests.QueryBuilder.QueryBuilderFullTest" assertions="1" time="0.004384"/>
        <testcase name="testAllWhereClauses" file="/home/omgaalfa/php-projetos/applications/query-builder/tests/QueryBuilder/QueryBuilderFullTest.php" line="51" class="Tests\QueryBuilder\QueryBuilderFullTest" classname="Tests.QueryBuilder.QueryBuilderFullTest" assertions="6" time="0.004881"/>
        <testcase name="testHavingClauses" file="/home/omgaalfa/php-projetos/applications/query-builder/tests/QueryBuilder/QueryBuilderFullTest.php" line="61" class="Tests\QueryBuilder\QueryBuilderFullTest" classname="Tests.QueryBuilder.QueryBuilderFullTest" assertions="2" time="0.004944"/>
        <testcase name="testJoinTypes" file="/home/omgaalfa/php-projetos/applications/query-builder/tests/QueryBuilder/QueryBuilderFullTest.php" line="76" class="Tests\QueryBuilder\QueryBuilderFullTest" classname="Tests.QueryBuilder.QueryBuilderFullTest" assertions="1" time="0.005410"/>
        <testcase name="testFullJoinThrows" file="/home/omgaalfa/php-projetos/applications/query-builder/tests/QueryBuilder/QueryBuilderFullTest.php" line="86" class="Tests\QueryBuilder\QueryBuilderFullTest" classname="Tests.QueryBuilder.QueryBuilderFullTest" assertions="2" time="0.004663"/>
        <testcase name="testAliasAndRaw" file="/home/omgaalfa/php-projetos/applications/query-builder/tests/QueryBuilder/QueryBuilderFullTest.php" line="100" class="Tests\QueryBuilder\QueryBuilderFullTest" classname="Tests.QueryBuilder.QueryBuilderFullTest" assertions="2" time="0.004682"/>
        <testcase name="testQuoteIdentifier" file="/home/omgaalfa/php-projetos/applications/query-builder/tests/QueryBuilder/QueryBuilderFullTest.php" line="110" class="Tests\QueryBuilder\QueryBuilderFullTest" classname="Tests.QueryBuilder.QueryBuilderFullTest" assertions="2" time="0.004365"/>
        <testcase name="testResetStateDoesNotThrow" file="/home/omgaalfa/php-projetos/applications/query-builder/tests/QueryBuilder/QueryBuilderFullTest.php" line="120" class="Tests\QueryBuilder\QueryBuilderFullTest" classname="Tests.QueryBuilder.QueryBuilderFullTest" assertions="1" time="0.004307"/>
        <testcase name="testInsertBatchGeneratesCorrectSql" file="/home/omgaalfa/php-projetos/applications/query-builder/tests/QueryBuilder/QueryBuilderFullTest.php" line="126" class="Tests\QueryBuilder\QueryBuilderFullTest" classname="Tests.QueryBuilder.QueryBuilderFullTest" assertions="3" time="0.007457"/>
        <testcase name="testInsertBatchThrowsOnMismatchedColumns" file="/home/omgaalfa/php-projetos/applications/query-builder/tests/QueryBuilder/QueryBuilderFullTest.php" line="140" class="Tests\QueryBuilder\QueryBuilderFullTest" classname="Tests.QueryBuilder.QueryBuilderFullTest" assertions="1" time="0.006378"/>
        <testcase name="testWhereNotInGeneratesCorrectSql" file="/home/omgaalfa/php-projetos/applications/query-builder/tests/QueryBuilder/QueryBuilderFullTest.php" line="152" class="Tests\QueryBuilder\QueryBuilderFullTest" classname="Tests.QueryBuilder.QueryBuilderFullTest" assertions="2" time="0.006281"/>
        <testcase name="testWhereNotBetweenGeneratesCorrectSql" file="/home/omgaalfa/php-projetos/applications/query-builder/tests/QueryBuilder/QueryBuilderFullTest.php" line="160" class="Tests\QueryBuilder\QueryBuilderFullTest" classname="Tests.QueryBuilder.QueryBuilderFullTest" assertions="3" time="0.005749"/>
        <testcase name="testWhereNullGeneratesCorrectSql" file="/home/omgaalfa/php-projetos/applications/query-builder/tests/QueryBuilder/QueryBuilderFullTest.php" line="169" class="Tests\QueryBuilder\QueryBuilderFullTest" classname="Tests.QueryBuilder.QueryBuilderFullTest" assertions="1" time="0.004438"/>
        <testcase name="testWhereNotNullGeneratesCorrectSql" file="/home/omgaalfa/php-projetos/applications/query-builder/tests/QueryBuilder/QueryBuilderFullTest.php" line="176" class="Tests\QueryBuilder\QueryBuilderFullTest" classname="Tests.QueryBuilder.QueryBuilderFullTest" assertions="1" time="0.004482"/>
        <testcase name="testInsertBatchSuccess" file="/home/omgaalfa/php-projetos/applications/query-builder/tests/QueryBuilder/QueryBuilderFullTest.php" line="183" class="Tests\QueryBuilder\QueryBuilderFullTest" classname="Tests.QueryBuilder.QueryBuilderFullTest" assertions="3" time="0.005321"/>
        <testcase name="testInsertBatchFailsOnInconsistentColumns" file="/home/omgaalfa/php-projetos/applications/query-builder/tests/QueryBuilder/QueryBuilderFullTest.php" line="196" class="Tests\QueryBuilder\QueryBuilderFullTest" classname="Tests.QueryBuilder.QueryBuilderFullTest" assertions="1" time="0.004363"/>
        <testcase name="testWhereNotIn" file="/home/omgaalfa/php-projetos/applications/query-builder/tests/QueryBuilder/QueryBuilderFullTest.php" line="206" class="Tests\QueryBuilder\QueryBuilderFullTest" classname="Tests.QueryBuilder.QueryBuilderFullTest" assertions="1" time="0.004443"/>
        <testcase name="testWhereNotBetween" file="/home/omgaalfa/php-projetos/applications/query-builder/tests/QueryBuilder/QueryBuilderFullTest.php" line="214" class="Tests\QueryBuilder\QueryBuilderFullTest" classname="Tests.QueryBuilder.QueryBuilderFullTest" assertions="1" time="0.004732"/>
        <testcase name="testWhereNull" file="/home/omgaalfa/php-projetos/applications/query-builder/tests/QueryBuilder/QueryBuilderFullTest.php" line="222" class="Tests\QueryBuilder\QueryBuilderFullTest" classname="Tests.QueryBuilder.QueryBuilderFullTest" assertions="1" time="0.004943"/>
        <testcase name="testWhereNotNull" file="/home/omgaalfa/php-projetos/applications/query-builder/tests/QueryBuilder/QueryBuilderFullTest.php" line="230" class="Tests\QueryBuilder\QueryBuilderFullTest" classname="Tests.QueryBuilder.QueryBuilderFullTest" assertions="1" time="0.004389"/>
        <testcase name="testHavingClause" file="/home/omgaalfa/php-projetos/applications/query-builder/tests/QueryBuilder/QueryBuilderFullTest.php" line="238" class="Tests\QueryBuilder\QueryBuilderFullTest" classname="Tests.QueryBuilder.QueryBuilderFullTest" assertions="1" time="0.004441"/>
        <testcase name="testHavingClauseWithoutGroupByThrows" file="/home/omgaalfa/php-projetos/applications/query-builder/tests/QueryBuilder/QueryBuilderFullTest.php" line="249" class="Tests\QueryBuilder\QueryBuilderFullTest" classname="Tests.QueryBuilder.QueryBuilderFullTest" assertions="1" time="0.004864"/>
        <testcase name="testHavingRawClause" file="/home/omgaalfa/php-projetos/applications/query-builder/tests/QueryBuilder/QueryBuilderFullTest.php" line="259" class="Tests\QueryBuilder\QueryBuilderFullTest" classname="Tests.QueryBuilder.QueryBuilderFullTest" assertions="1" time="0.004426"/>
        <testcase name="testAliasSetsCorrectlyInFrom" file="/home/omgaalfa/php-projetos/applications/query-builder/tests/QueryBuilder/QueryBuilderFullTest.php" line="270" class="Tests\QueryBuilder\QueryBuilderFullTest" classname="Tests.QueryBuilder.QueryBuilderFullTest" assertions="1" time="0.005869"/>
        <testcase name="testFullQueryWithAllClauses" file="/home/omgaalfa/php-projetos/applications/query-builder/tests/QueryBuilder/QueryBuilderFullTest.php" line="280" class="Tests\QueryBuilder\QueryBuilderFullTest" classname="Tests.QueryBuilder.QueryBuilderFullTest" assertions="8" time="0.005057"/>
      </testsuite>
      <testsuite name="Tests\QueryBuilder\QueryBuilderIntegrationTest" file="/home/omgaalfa/php-projetos/applications/query-builder/tests/QueryBuilder/QueryBuilderIntegrationTest.php" tests="4" assertions="0" errors="0" failures="0" skipped="4" time="0.000000">
        <testcase name="testInsertSelectCountSumAvg" file="/home/omgaalfa/php-projetos/applications/query-builder/tests/QueryBuilder/QueryBuilderIntegrationTest.php" line="77" class="Tests\QueryBuilder\QueryBuilderIntegrationTest" classname="Tests.QueryBuilder.QueryBuilderIntegrationTest" assertions="0" time="0.000000">
          <skipped/>
        </testcase>
        <testcase name="testUpdateAndDelete" file="/home/omgaalfa/php-projetos/applications/query-builder/tests/QueryBuilder/QueryBuilderIntegrationTest.php" line="97" class="Tests\QueryBuilder\QueryBuilderIntegrationTest" classname="Tests.QueryBuilder.QueryBuilderIntegrationTest" assertions="0" time="0.000000">
          <skipped/>
        </testcase>
        <testcase name="testTransactionRollback" file="/home/omgaalfa/php-projetos/applications/query-builder/tests/QueryBuilder/QueryBuilderIntegrationTest.php" line="112" class="Tests\QueryBuilder\QueryBuilderIntegrationTest" classname="Tests.QueryBuilder.QueryBuilderIntegrationTest" assertions="0" time="0.000000">
          <skipped/>
        </testcase>
        <testcase name="testPaginationLimitAndGetTotalCount" file="/home/omgaalfa/php-projetos/applications/query-builder/tests/QueryBuilder/QueryBuilderIntegrationTest.php" line="129" class="Tests\QueryBuilder\QueryBuilderIntegrationTest" classname="Tests.QueryBuilder.QueryBuilderIntegrationTest" assertions="0" time="0.000000">
          <skipped/>
        </testcase>
      </testsuite>
      <testsuite name="Tests\QueryBuilder\QueryBuilderOperationsTest" file="/home/omgaalfa/php-projetos/applications/query-builder/tests/QueryBuilder/QueryBuilderOperationsTest.php" tests="21" assertions="29" errors="0" failures="0" skipped="0" time="0.085177">
        <testcase name="testSelectWithAlias" file="/home/omgaalfa/php-projetos/applications/query-builder/tests/QueryBuilder/QueryBuilderOperationsTest.php" line="22" class="Tests\QueryBuilder\QueryBuilderOperationsTest" classname="Tests.QueryBuilder.QueryBuilderOperationsTest" assertions="1" time="0.003803"/>
        <testcase name="testSelectWithFields" file="/home/omgaalfa/php-projetos/applications/query-builder/tests/QueryBuilder/QueryBuilderOperationsTest.php" line="32" class="Tests\QueryBuilder\QueryBuilderOperationsTest" classname="Tests.QueryBuilder.QueryBuilderOperationsTest" assertions="1" time="0.003724"/>
        <testcase name="testInsertGeneratesExpectedSQL" file="/home/omgaalfa/php-projetos/applications/query-builder/tests/QueryBuilder/QueryBuilderOperationsTest.php" line="38" class="Tests\QueryBuilder\QueryBuilderOperationsTest" classname="Tests.QueryBuilder.QueryBuilderOperationsTest" assertions="3" time="0.012432"/>
        <testcase name="testUpdateGeneratesExpectedSQL" file="/home/omgaalfa/php-projetos/applications/query-builder/tests/QueryBuilder/QueryBuilderOperationsTest.php" line="50" class="Tests\QueryBuilder\QueryBuilderOperationsTest" classname="Tests.QueryBuilder.QueryBuilderOperationsTest" assertions="1" time="0.003590"/>
        <testcase name="testDeleteGeneratesExpectedSQL" file="/home/omgaalfa/php-projetos/applications/query-builder/tests/QueryBuilder/QueryBuilderOperationsTest.php" line="56" class="Tests\QueryBuilder\QueryBuilderOperationsTest" classname="Tests.QueryBuilder.QueryBuilderOperationsTest" assertions="1" time="0.003109"/>
        <testcase name="testWhereEquals" file="/home/omgaalfa/php-projetos/applications/query-builder/tests/QueryBuilder/QueryBuilderOperationsTest.php" line="62" class="Tests\QueryBuilder\QueryBuilderOperationsTest" classname="Tests.QueryBuilder.QueryBuilderOperationsTest" assertions="1" time="0.003364"/>
        <testcase name="testOrWhere" file="/home/omgaalfa/php-projetos/applications/query-builder/tests/QueryBuilder/QueryBuilderOperationsTest.php" line="72" class="Tests\QueryBuilder\QueryBuilderOperationsTest" classname="Tests.QueryBuilder.QueryBuilderOperationsTest" assertions="1" time="0.003153"/>
        <testcase name="testWhereIn" file="/home/omgaalfa/php-projetos/applications/query-builder/tests/QueryBuilder/QueryBuilderOperationsTest.php" line="88" class="Tests\QueryBuilder\QueryBuilderOperationsTest" classname="Tests.QueryBuilder.QueryBuilderOperationsTest" assertions="1" time="0.003210"/>
        <testcase name="testWhereNotIn" file="/home/omgaalfa/php-projetos/applications/query-builder/tests/QueryBuilder/QueryBuilderOperationsTest.php" line="94" class="Tests\QueryBuilder\QueryBuilderOperationsTest" classname="Tests.QueryBuilder.QueryBuilderOperationsTest" assertions="1" time="0.003227"/>
        <testcase name="testWhereBetween" file="/home/omgaalfa/php-projetos/applications/query-builder/tests/QueryBuilder/QueryBuilderOperationsTest.php" line="100" class="Tests\QueryBuilder\QueryBuilderOperationsTest" classname="Tests.QueryBuilder.QueryBuilderOperationsTest" assertions="1" time="0.003130"/>
        <testcase name="testWhereNotBetween" file="/home/omgaalfa/php-projetos/applications/query-builder/tests/QueryBuilder/QueryBuilderOperationsTest.php" line="106" class="Tests\QueryBuilder\QueryBuilderOperationsTest" classname="Tests.QueryBuilder.QueryBuilderOperationsTest" assertions="1" time="0.004699"/>
        <testcase name="testWhereNullAndNotNull" file="/home/omgaalfa/php-projetos/applications/query-builder/tests/QueryBuilder/QueryBuilderOperationsTest.php" line="112" class="Tests\QueryBuilder\QueryBuilderOperationsTest" classname="Tests.QueryBuilder.QueryBuilderOperationsTest" assertions="2" time="0.003421"/>
        <testcase name="testJoin" file="/home/omgaalfa/php-projetos/applications/query-builder/tests/QueryBuilder/QueryBuilderOperationsTest.php" line="121" class="Tests\QueryBuilder\QueryBuilderOperationsTest" classname="Tests.QueryBuilder.QueryBuilderOperationsTest" assertions="3" time="0.004183"/>
        <testcase name="testFullJoinThrowsExceptionOnUnsupportedDriver" file="/home/omgaalfa/php-projetos/applications/query-builder/tests/QueryBuilder/QueryBuilderOperationsTest.php" line="171" class="Tests\QueryBuilder\QueryBuilderOperationsTest" classname="Tests.QueryBuilder.QueryBuilderOperationsTest" assertions="2" time="0.003817"/>
        <testcase name="testOrderBy" file="/home/omgaalfa/php-projetos/applications/query-builder/tests/QueryBuilder/QueryBuilderOperationsTest.php" line="199" class="Tests\QueryBuilder\QueryBuilderOperationsTest" classname="Tests.QueryBuilder.QueryBuilderOperationsTest" assertions="1" time="0.003355"/>
        <testcase name="testGroupByAndHaving" file="/home/omgaalfa/php-projetos/applications/query-builder/tests/QueryBuilder/QueryBuilderOperationsTest.php" line="205" class="Tests\QueryBuilder\QueryBuilderOperationsTest" classname="Tests.QueryBuilder.QueryBuilderOperationsTest" assertions="2" time="0.004168"/>
        <testcase name="testHavingRequiresGroupBy" file="/home/omgaalfa/php-projetos/applications/query-builder/tests/QueryBuilder/QueryBuilderOperationsTest.php" line="217" class="Tests\QueryBuilder\QueryBuilderOperationsTest" classname="Tests.QueryBuilder.QueryBuilderOperationsTest" assertions="1" time="0.003450"/>
        <testcase name="testHavingRaw" file="/home/omgaalfa/php-projetos/applications/query-builder/tests/QueryBuilder/QueryBuilderOperationsTest.php" line="223" class="Tests\QueryBuilder\QueryBuilderOperationsTest" classname="Tests.QueryBuilder.QueryBuilderOperationsTest" assertions="1" time="0.003593"/>
        <testcase name="testLimit" file="/home/omgaalfa/php-projetos/applications/query-builder/tests/QueryBuilder/QueryBuilderOperationsTest.php" line="234" class="Tests\QueryBuilder\QueryBuilderOperationsTest" classname="Tests.QueryBuilder.QueryBuilderOperationsTest" assertions="1" time="0.004272"/>
        <testcase name="testRawQuery" file="/home/omgaalfa/php-projetos/applications/query-builder/tests/QueryBuilder/QueryBuilderOperationsTest.php" line="244" class="Tests\QueryBuilder\QueryBuilderOperationsTest" classname="Tests.QueryBuilder.QueryBuilderOperationsTest" assertions="1" time="0.004447"/>
        <testcase name="testQuoteIdentifierEscapesProperly" file="/home/omgaalfa/php-projetos/applications/query-builder/tests/QueryBuilder/QueryBuilderOperationsTest.php" line="251" class="Tests\QueryBuilder\QueryBuilderOperationsTest" classname="Tests.QueryBuilder.QueryBuilderOperationsTest" assertions="2" time="0.003029"/>
      </testsuite>
      <testsuite name="Tests\QueryBuilder\QueryBuilderSecurityTest" file="/home/omgaalfa/php-projetos/applications/query-builder/tests/QueryBuilder/QueryBuilderSecurityTest.php" tests="4" assertions="5" errors="0" failures="0" skipped="0" time="0.016555">
        <testcase name="testSelectIncludesMaliciousSemicolonField" file="/home/omgaalfa/php-projetos/applications/query-builder/tests/QueryBuilder/QueryBuilderSecurityTest.php" line="17" class="Tests\QueryBuilder\QueryBuilderSecurityTest" classname="Tests.QueryBuilder.QueryBuilderSecurityTest" assertions="1" time="0.003523"/>
        <testcase name="testSelectIncludesMaliciousCommentField" file="/home/omgaalfa/php-projetos/applications/query-builder/tests/QueryBuilder/QueryBuilderSecurityTest.php" line="25" class="Tests\QueryBuilder\QueryBuilderSecurityTest" classname="Tests.QueryBuilder.QueryBuilderSecurityTest" assertions="1" time="0.003220"/>
        <testcase name="testSelectIncludesFunctionExpression" file="/home/omgaalfa/php-projetos/applications/query-builder/tests/QueryBuilder/QueryBuilderSecurityTest.php" line="33" class="Tests\QueryBuilder\QueryBuilderSecurityTest" classname="Tests.QueryBuilder.QueryBuilderSecurityTest" assertions="1" time="0.006686"/>
        <testcase name="testSelectQualifiedIdentifierLeftIntact" file="/home/omgaalfa/php-projetos/applications/query-builder/tests/QueryBuilder/QueryBuilderSecurityTest.php" line="41" class="Tests\QueryBuilder\QueryBuilderSecurityTest" classname="Tests.QueryBuilder.QueryBuilderSecurityTest" assertions="2" time="0.003125"/>
      </testsuite>
      <testsuite name="Tests\QueryBuilder\QueryBuilderToSqlSecurityTest" file="/home/omgaalfa/php-projetos/applications/query-builder/tests/QueryBuilder/QueryBuilderToSqlSecurityTest.php" tests="23" assertions="76" errors="0" failures="0" skipped="0" time="0.185330">
        <testcase name="testSqlInjectionOr1Equals1" file="/home/omgaalfa/php-projetos/applications/query-builder/tests/QueryBuilder/QueryBuilderToSqlSecurityTest.php" line="54" class="Tests\QueryBuilder\QueryBuilderToSqlSecurityTest" classname="Tests.QueryBuilder.QueryBuilderToSqlSecurityTest" assertions="3" time="0.011326">
          <system-out>
✅ PROTEÇÃO ATIVA: SQL Injection OR 1=1 bloqueado
   SQL Seguro:  SELECT * FROM `usuarios` WHERE `nome` = :param0
   SQL Debug:   SELECT * FROM `usuarios` WHERE `nome` = '\' OR 1=1 --'
</system-out>
        </testcase>
        <testcase name="testSqlInjectionUnionSelect" file="/home/omgaalfa/php-projetos/applications/query-builder/tests/QueryBuilder/QueryBuilderToSqlSecurityTest.php" line="83" class="Tests\QueryBuilder\QueryBuilderToSqlSecurityTest" classname="Tests.QueryBuilder.QueryBuilderToSqlSecurityTest" assertions="4" time="0.005013">
          <system-out>
✅ PROTEÇÃO ATIVA: SQL Injection UNION SELECT bloqueado
   SQL Seguro: SELECT * FROM `usuarios` WHERE `email` = :param0
</system-out>
        </testcase>
        <testcase name="testSqlInjectionSqlComments" file="/home/omgaalfa/php-projetos/applications/query-builder/tests/QueryBuilder/QueryBuilderToSqlSecurityTest.php" line="109" class="Tests\QueryBuilder\QueryBuilderToSqlSecurityTest" classname="Tests.QueryBuilder.QueryBuilderToSqlSecurityTest" assertions="2" time="0.012024">
          <system-out>
✅ PROTEÇÃO ATIVA: SQL Injection via comentário bloqueado
   SQL Debug: SELECT * FROM `usuarios` WHERE `username` = 'admin\' --'
</system-out>
        </testcase>
        <testcase name="testSqlInjectionStackedQueries" file="/home/omgaalfa/php-projetos/applications/query-builder/tests/QueryBuilder/QueryBuilderToSqlSecurityTest.php" line="132" class="Tests\QueryBuilder\QueryBuilderToSqlSecurityTest" classname="Tests.QueryBuilder.QueryBuilderToSqlSecurityTest" assertions="3" time="0.007404">
          <system-out>
✅ PROTEÇÃO ATIVA: Stacked queries (DROP TABLE) bloqueado
   SQL Seguro: SELECT * FROM `usuarios` WHERE `id` = :param0
</system-out>
        </testcase>
        <testcase name="testSqlInjectionHexEncoding" file="/home/omgaalfa/php-projetos/applications/query-builder/tests/QueryBuilder/QueryBuilderToSqlSecurityTest.php" line="156" class="Tests\QueryBuilder\QueryBuilderToSqlSecurityTest" classname="Tests.QueryBuilder.QueryBuilderToSqlSecurityTest" assertions="2" time="0.006027">
          <system-out>
✅ PROTEÇÃO ATIVA: Hex encoding tratado como string
</system-out>
        </testcase>
        <testcase name="testSpecialCharactersQuotes" file="/home/omgaalfa/php-projetos/applications/query-builder/tests/QueryBuilder/QueryBuilderToSqlSecurityTest.php" line="180" class="Tests\QueryBuilder\QueryBuilderToSqlSecurityTest" classname="Tests.QueryBuilder.QueryBuilderToSqlSecurityTest" assertions="3" time="0.004770">
          <system-out>
✅ Aspas corretamente escapadas no debug
</system-out>
        </testcase>
        <testcase name="testSpecialCharactersBackslashes" file="/home/omgaalfa/php-projetos/applications/query-builder/tests/QueryBuilder/QueryBuilderToSqlSecurityTest.php" line="203" class="Tests\QueryBuilder\QueryBuilderToSqlSecurityTest" classname="Tests.QueryBuilder.QueryBuilderToSqlSecurityTest" assertions="1" time="0.009677">
          <system-out>
✅ Backslashes escapados corretamente
</system-out>
        </testcase>
        <testcase name="testSpecialCharactersUnicode" file="/home/omgaalfa/php-projetos/applications/query-builder/tests/QueryBuilder/QueryBuilderToSqlSecurityTest.php" line="220" class="Tests\QueryBuilder\QueryBuilderToSqlSecurityTest" classname="Tests.QueryBuilder.QueryBuilderToSqlSecurityTest" assertions="1" time="0.004517">
          <system-out>
✅ Unicode preservado corretamente
</system-out>
        </testcase>
        <testcase name="testLikeOperatorWithMaliciousWildcards" file="/home/omgaalfa/php-projetos/applications/query-builder/tests/QueryBuilder/QueryBuilderToSqlSecurityTest.php" line="241" class="Tests\QueryBuilder\QueryBuilderToSqlSecurityTest" classname="Tests.QueryBuilder.QueryBuilderToSqlSecurityTest" assertions="2" time="0.011547">
          <system-out>
✅ LIKE com wildcards maliciosos bloqueado
</system-out>
        </testcase>
        <testcase name="testInOperatorWithMaliciousValues" file="/home/omgaalfa/php-projetos/applications/query-builder/tests/QueryBuilder/QueryBuilderToSqlSecurityTest.php" line="260" class="Tests\QueryBuilder\QueryBuilderToSqlSecurityTest" classname="Tests.QueryBuilder.QueryBuilderToSqlSecurityTest" assertions="2" time="0.005260">
          <system-out>
✅ IN operator com valores maliciosos bloqueado
</system-out>
        </testcase>
        <testcase name="testBetweenOperatorWithMaliciousValues" file="/home/omgaalfa/php-projetos/applications/query-builder/tests/QueryBuilder/QueryBuilderToSqlSecurityTest.php" line="281" class="Tests\QueryBuilder\QueryBuilderToSqlSecurityTest" classname="Tests.QueryBuilder.QueryBuilderToSqlSecurityTest" assertions="3" time="0.005724">
          <system-out>
✅ BETWEEN com valores maliciosos bloqueado
</system-out>
        </testcase>
        <testcase name="testDataTypesBoolean" file="/home/omgaalfa/php-projetos/applications/query-builder/tests/QueryBuilder/QueryBuilderToSqlSecurityTest.php" line="306" class="Tests\QueryBuilder\QueryBuilderToSqlSecurityTest" classname="Tests.QueryBuilder.QueryBuilderToSqlSecurityTest" assertions="3" time="0.004969">
          <system-out>
✅ Booleanos convertidos corretamente (1/0)
   SQL Debug: SELECT * FROM `usuarios` WHERE `ativo` = 1 AND `deletado` = 0
</system-out>
        </testcase>
        <testcase name="testDataTypesNull" file="/home/omgaalfa/php-projetos/applications/query-builder/tests/QueryBuilder/QueryBuilderToSqlSecurityTest.php" line="328" class="Tests\QueryBuilder\QueryBuilderToSqlSecurityTest" classname="Tests.QueryBuilder.QueryBuilderToSqlSecurityTest" assertions="1" time="0.006817">
          <system-out>
✅ NULL tratado corretamente
</system-out>
        </testcase>
        <testcase name="testDataTypesNumeric" file="/home/omgaalfa/php-projetos/applications/query-builder/tests/QueryBuilder/QueryBuilderToSqlSecurityTest.php" line="343" class="Tests\QueryBuilder\QueryBuilderToSqlSecurityTest" classname="Tests.QueryBuilder.QueryBuilderToSqlSecurityTest" assertions="2" time="0.005112">
          <system-out>
✅ Números sem aspas (correto)
</system-out>
        </testcase>
        <testcase name="testDataTypesDateTime" file="/home/omgaalfa/php-projetos/applications/query-builder/tests/QueryBuilder/QueryBuilderToSqlSecurityTest.php" line="361" class="Tests\QueryBuilder\QueryBuilderToSqlSecurityTest" classname="Tests.QueryBuilder.QueryBuilderToSqlSecurityTest" assertions="1" time="0.005144">
          <system-out>
✅ DateTime formatado corretamente
</system-out>
        </testcase>
        <testcase name="testMultipleWhereConditionsAnd" file="/home/omgaalfa/php-projetos/applications/query-builder/tests/QueryBuilder/QueryBuilderToSqlSecurityTest.php" line="382" class="Tests\QueryBuilder\QueryBuilderToSqlSecurityTest" classname="Tests.QueryBuilder.QueryBuilderToSqlSecurityTest" assertions="5" time="0.010567">
          <system-out>
✅ Múltiplas condições AND: todas protegidas
</system-out>
        </testcase>
        <testcase name="testMultipleWhereConditionsOr" file="/home/omgaalfa/php-projetos/applications/query-builder/tests/QueryBuilder/QueryBuilderToSqlSecurityTest.php" line="404" class="Tests\QueryBuilder\QueryBuilderToSqlSecurityTest" classname="Tests.QueryBuilder.QueryBuilderToSqlSecurityTest" assertions="3" time="0.008708">
          <system-out>
✅ Condições OR: ambas protegidas
</system-out>
        </testcase>
        <testcase name="testEdgeCaseEmptyString" file="/home/omgaalfa/php-projetos/applications/query-builder/tests/QueryBuilder/QueryBuilderToSqlSecurityTest.php" line="427" class="Tests\QueryBuilder\QueryBuilderToSqlSecurityTest" classname="Tests.QueryBuilder.QueryBuilderToSqlSecurityTest" assertions="1" time="0.005254">
          <system-out>
✅ String vazia tratada corretamente
</system-out>
        </testcase>
        <testcase name="testEdgeCaseVeryLongString" file="/home/omgaalfa/php-projetos/applications/query-builder/tests/QueryBuilder/QueryBuilderToSqlSecurityTest.php" line="441" class="Tests\QueryBuilder\QueryBuilderToSqlSecurityTest" classname="Tests.QueryBuilder.QueryBuilderToSqlSecurityTest" assertions="2" time="0.014782">
          <system-out>
✅ String longa com injection bloqueada
</system-out>
        </testcase>
        <testcase name="testEdgeCaseNumericStrings" file="/home/omgaalfa/php-projetos/applications/query-builder/tests/QueryBuilder/QueryBuilderToSqlSecurityTest.php" line="460" class="Tests\QueryBuilder\QueryBuilderToSqlSecurityTest" classname="Tests.QueryBuilder.QueryBuilderToSqlSecurityTest" assertions="2" time="0.005267">
          <system-out>
✅ Strings numéricas com aspas (correto)
</system-out>
        </testcase>
        <testcase name="testSecurityPlaceholdersAlwaysPresent" file="/home/omgaalfa/php-projetos/applications/query-builder/tests/QueryBuilder/QueryBuilderToSqlSecurityTest.php" line="480" class="Tests\QueryBuilder\QueryBuilderToSqlSecurityTest" classname="Tests.QueryBuilder.QueryBuilderToSqlSecurityTest" assertions="3" time="0.014078">
          <system-out>
✅ SEGURANÇA VERIFICADA: Placeholders sempre presentes
   SQL: SELECT * FROM `usuarios` WHERE `id` = :param0 AND `nome` = :param1
</system-out>
        </testcase>
        <testcase name="testSecurityNoInjectionWorksWithPlaceholders" file="/home/omgaalfa/php-projetos/applications/query-builder/tests/QueryBuilder/QueryBuilderToSqlSecurityTest.php" line="501" class="Tests\QueryBuilder\QueryBuilderToSqlSecurityTest" classname="Tests.QueryBuilder.QueryBuilderToSqlSecurityTest" assertions="25" time="0.014684">
          <system-out>
═══════════════════════════════════════════════════════════════════
🔒 TESTE FINAL: Verificando proteção contra ataques conhecidos
═══════════════════════════════════════════════════════════════════
   ✅ Ataque 1 BLOQUEADO: ' OR '1'='1
      SQL gerado: SELECT * FROM `usuarios` WHERE `username` = :param0

   ✅ Ataque 2 BLOQUEADO: '; DROP TABLE usuarios; --
      SQL gerado: SELECT * FROM `usuarios` WHERE `username` = :param0

   ✅ Ataque 3 BLOQUEADO: admin' --
      SQL gerado: SELECT * FROM `usuarios` WHERE `username` = :param0

   ✅ Ataque 4 BLOQUEADO: ' UNION SELECT * FROM admin_users --
      SQL gerado: SELECT * FROM `usuarios` WHERE `username` = :param0

   ✅ Ataque 5 BLOQUEADO: 1'; UPDATE usuarios SET role='admin' WHERE '1'='1
      SQL gerado: SELECT * FROM `usuarios` WHERE `username` = :param0

═══════════════════════════════════════════════════════════════════
🎉 TODOS OS ATAQUES FORAM BLOQUEADOS COM SUCESSO!
═══════════════════════════════════════════════════════════════════
</system-out>
        </testcase>
        <testcase name="testSecurityAddslashesWorksProperly" file="/home/omgaalfa/php-projetos/applications/query-builder/tests/QueryBuilder/QueryBuilderToSqlSecurityTest.php" line="542" class="Tests\QueryBuilder\QueryBuilderToSqlSecurityTest" classname="Tests.QueryBuilder.QueryBuilderToSqlSecurityTest" assertions="2" time="0.006657">
          <system-out>
✅ addslashes funcionando corretamente
</system-out>
        </testcase>
      </testsuite>
      <testsuite name="Tests\QueryBuilder\QueryBuilderUnitTest" file="/home/omgaalfa/php-projetos/applications/query-builder/tests/QueryBuilder/QueryBuilderUnitTest.php" tests="2" assertions="6" errors="0" failures="0" skipped="0" time="0.016392">
        <testcase name="testAggregateMethodsUsePreparedStatementAndReturnValues" file="/home/omgaalfa/php-projetos/applications/query-builder/tests/QueryBuilder/QueryBuilderUnitTest.php" line="17" class="Tests\QueryBuilder\QueryBuilderUnitTest" classname="Tests.QueryBuilder.QueryBuilderUnitTest" assertions="4" time="0.011150"/>
        <testcase name="testTransactionalDelegatesToConnection" file="/home/omgaalfa/php-projetos/applications/query-builder/tests/QueryBuilder/QueryBuilderUnitTest.php" line="62" class="Tests\QueryBuilder\QueryBuilderUnitTest" classname="Tests.QueryBuilder.QueryBuilderUnitTest" assertions="2" time="0.005243"/>
      </testsuite>
      <testsuite name="Tests\QueryBuilder\RedisCacheConfigurationTest" file="/home/omgaalfa/php-projetos/applications/query-builder/tests/QueryBuilder/RedisCacheConfigurationTest.php" tests="4" assertions="4" errors="0" failures="0" skipped="0" time="0.013719">
        <testsuite name="Tests\QueryBuilder\RedisCacheConfigurationTest::testRejectsInvalidConnectionConfiguration" tests="4" assertions="4" errors="0" failures="0" skipped="0" time="0.013719">
          <testcase name="testRejectsInvalidConnectionConfiguration with data set &quot;port below range&quot;" file="/home/omgaalfa/php-projetos/applications/query-builder/tests/QueryBuilder/RedisCacheConfigurationTest.php" line="16" class="Tests\QueryBuilder\RedisCacheConfigurationTest" classname="Tests.QueryBuilder.RedisCacheConfigurationTest" assertions="1" time="0.004281"/>
          <testcase name="testRejectsInvalidConnectionConfiguration with data set &quot;port above range&quot;" file="/home/omgaalfa/php-projetos/applications/query-builder/tests/QueryBuilder/RedisCacheConfigurationTest.php" line="16" class="Tests\QueryBuilder\RedisCacheConfigurationTest" classname="Tests.QueryBuilder.RedisCacheConfigurationTest" assertions="1" time="0.003294"/>
          <testcase name="testRejectsInvalidConnectionConfiguration with data set &quot;non-positive timeout&quot;" file="/home/omgaalfa/php-projetos/applications/query-builder/tests/QueryBuilder/RedisCacheConfigurationTest.php" line="16" class="Tests\QueryBuilder\RedisCacheConfigurationTest" classname="Tests.QueryBuilder.RedisCacheConfigurationTest" assertions="1" time="0.003180"/>
          <testcase name="testRejectsInvalidConnectionConfiguration with data set &quot;negative database&quot;" file="/home/omgaalfa/php-projetos/applications/query-builder/tests/QueryBuilder/RedisCacheConfigurationTest.php" line="16" class="Tests\QueryBuilder\RedisCacheConfigurationTest" classname="Tests.QueryBuilder.RedisCacheConfigurationTest" assertions="1" time="0.002965"/>
        </testsuite>
      </testsuite>
    </testsuite>
  </testsuite>
</testsuites>
